<?xml version="1.0" encoding="UTF-8"?>
<testsuites>
  <testsuite name="" tests="121" assertions="122" errors="0" warnings="0" failures="0" skipped="0" time="0.715357">
    <testsuite name="Unit tests suit" tests="121" assertions="122" errors="0" warnings="0" failures="0" skipped="0" time="0.715357">
      <testsuite name="unit\application\contact\ContactServiceTest" file="/Users/lukamaret/Documents/Developpement/web/Parraindex/tests/unit/application/contact/ContactServiceTest.php" tests="6" assertions="6" errors="0" warnings="0" failures="0" skipped="0" time="0.015102">
        <testcase name="testRegistercontactReturnsNothingWhenExecutorReturnsNothing" class="unit\application\contact\ContactServiceTest" classname="unit.application.contact.ContactServiceTest" file="/Users/lukamaret/Documents/Developpement/web/Parraindex/tests/unit/application/contact/ContactServiceTest.php" line="64" assertions="1" time="0.010779"/>
        <testcase name="testRegistercontactReturnsErrorWhenExecutorReturnsAnError" class="unit\application\contact\ContactServiceTest" classname="unit.application.contact.ContactServiceTest" file="/Users/lukamaret/Documents/Developpement/web/Parraindex/tests/unit/application/contact/ContactServiceTest.php" line="49" assertions="1" time="0.000714"/>
        <testcase name="testClosecontactCallsClosecontactOnDAO" class="unit\application\contact\ContactServiceTest" classname="unit.application.contact.ContactServiceTest" file="/Users/lukamaret/Documents/Developpement/web/Parraindex/tests/unit/application/contact/ContactServiceTest.php" line="79" assertions="1" time="0.000756"/>
        <testcase name="testRegistercontactReturnsErrorWhenTypeIsMissing" class="unit\application\contact\ContactServiceTest" classname="unit.application.contact.ContactServiceTest" file="/Users/lukamaret/Documents/Developpement/web/Parraindex/tests/unit/application/contact/ContactServiceTest.php" line="29" assertions="1" time="0.000541"/>
        <testcase name="testRegistercontactReturnsErrorWhenTypeIsNotValid" class="unit\application\contact\ContactServiceTest" classname="unit.application.contact.ContactServiceTest" file="/Users/lukamaret/Documents/Developpement/web/Parraindex/tests/unit/application/contact/ContactServiceTest.php" line="39" assertions="1" time="0.000605"/>
        <testcase name="testGetcontactReturnsWantendContact" class="unit\application\contact\ContactServiceTest" classname="unit.application.contact.ContactServiceTest" file="/Users/lukamaret/Documents/Developpement/web/Parraindex/tests/unit/application/contact/ContactServiceTest.php" line="88" assertions="1" time="0.001706"/>
      </testsuite>
      <testsuite name="unit\application\contact\field\FieldTest" file="/Users/lukamaret/Documents/Developpement/web/Parraindex/tests/unit/application/contact/field/FieldTest.php" tests="5" assertions="5" errors="0" warnings="0" failures="0" skipped="0" time="0.002024">
        <testcase name="testGeterrorReturnsError" class="unit\application\contact\field\FieldTest" classname="unit.application.contact.field.FieldTest" file="/Users/lukamaret/Documents/Developpement/web/Parraindex/tests/unit/application/contact/field/FieldTest.php" line="22" assertions="1" time="0.000489"/>
        <testcase name="testGetnameReturnsName" class="unit\application\contact\field\FieldTest" classname="unit.application.contact.field.FieldTest" file="/Users/lukamaret/Documents/Developpement/web/Parraindex/tests/unit/application/contact/field/FieldTest.php" line="16" assertions="1" time="0.000399"/>
        <testcase name="testIsValidReturnsFalseWhenValueIsWhitespace" class="unit\application\contact\field\FieldTest" classname="unit.application.contact.field.FieldTest" file="/Users/lukamaret/Documents/Developpement/web/Parraindex/tests/unit/application/contact/field/FieldTest.php" line="40" assertions="1" time="0.000446"/>
        <testcase name="testIsValidReturnsTrueWhenValueIsNotEmpty" class="unit\application\contact\field\FieldTest" classname="unit.application.contact.field.FieldTest" file="/Users/lukamaret/Documents/Developpement/web/Parraindex/tests/unit/application/contact/field/FieldTest.php" line="28" assertions="1" time="0.000389"/>
        <testcase name="testIsValidReturnsFalseWhenValueIsEmpty" class="unit\application\contact\field\FieldTest" classname="unit.application.contact.field.FieldTest" file="/Users/lukamaret/Documents/Developpement/web/Parraindex/tests/unit/application/contact/field/FieldTest.php" line="34" assertions="1" time="0.000302"/>
      </testsuite>
      <testsuite name="unit\application\contact\field\NumberFieldTest" file="/Users/lukamaret/Documents/Developpement/web/Parraindex/tests/unit/application/contact/field/NumberFieldTest.php" tests="4" assertions="4" errors="0" warnings="0" failures="0" skipped="0" time="0.001466">
        <testcase name="testGetnameReturnsNumber" class="unit\application\contact\field\NumberFieldTest" classname="unit.application.contact.field.NumberFieldTest" file="/Users/lukamaret/Documents/Developpement/web/Parraindex/tests/unit/application/contact/field/NumberFieldTest.php" line="16" assertions="1" time="0.000468"/>
        <testcase name="testIsvalidReturnsTrueWhenValueIsNumeric" class="unit\application\contact\field\NumberFieldTest" classname="unit.application.contact.field.NumberFieldTest" file="/Users/lukamaret/Documents/Developpement/web/Parraindex/tests/unit/application/contact/field/NumberFieldTest.php" line="22" assertions="1" time="0.000372"/>
        <testcase name="testIsvalidReturnsFalseWhenValueIsNotNumeric" class="unit\application\contact\field\NumberFieldTest" classname="unit.application.contact.field.NumberFieldTest" file="/Users/lukamaret/Documents/Developpement/web/Parraindex/tests/unit/application/contact/field/NumberFieldTest.php" line="28" assertions="1" time="0.000320"/>
        <testcase name="testIsvalidReturnsFalseWhenValueIsEmpty" class="unit\application\contact\field\NumberFieldTest" classname="unit.application.contact.field.NumberFieldTest" file="/Users/lukamaret/Documents/Developpement/web/Parraindex/tests/unit/application/contact/field/NumberFieldTest.php" line="34" assertions="1" time="0.000306"/>
      </testsuite>
      <testsuite name="unit\application\login\LoginServiceTest" file="/Users/lukamaret/Documents/Developpement/web/Parraindex/tests/unit/application/login/LoginServiceTest.php" tests="10" assertions="10" errors="0" warnings="0" failures="0" skipped="0" time="0.617544">
        <testcase name="testLoginReturnsNothingOnSuccess" class="unit\application\login\LoginServiceTest" classname="unit.application.login.LoginServiceTest" file="/Users/lukamaret/Documents/Developpement/web/Parraindex/tests/unit/application/login/LoginServiceTest.php" line="106" assertions="1" time="0.211100"/>
        <testcase name="testLoginRedirectToSignupIfNeeded" class="unit\application\login\LoginServiceTest" classname="unit.application.login.LoginServiceTest" file="/Users/lukamaret/Documents/Developpement/web/Parraindex/tests/unit/application/login/LoginServiceTest.php" line="152" assertions="1" time="0.000877"/>
        <testcase name="testLogoutRedirectsToConfirmationWhenUserIsLogged" class="unit\application\login\LoginServiceTest" classname="unit.application.login.LoginServiceTest" file="/Users/lukamaret/Documents/Developpement/web/Parraindex/tests/unit/application/login/LoginServiceTest.php" line="190" assertions="1" time="0.000904"/>
        <testcase name="testLoginDetectsInvalidLogin" class="unit\application\login\LoginServiceTest" classname="unit.application.login.LoginServiceTest" file="/Users/lukamaret/Documents/Developpement/web/Parraindex/tests/unit/application/login/LoginServiceTest.php" line="55" assertions="1" time="0.000808"/>
        <testcase name="testLoginDetectsMissingFields" class="unit\application\login\LoginServiceTest" classname="unit.application.login.LoginServiceTest" file="/Users/lukamaret/Documents/Developpement/web/Parraindex/tests/unit/application/login/LoginServiceTest.php" line="48" assertions="1" time="0.001065"/>
        <testcase name="testLogoutDestroysSessionsWhenUserIsLogged" class="unit\application\login\LoginServiceTest" classname="unit.application.login.LoginServiceTest" file="/Users/lukamaret/Documents/Developpement/web/Parraindex/tests/unit/application/login/LoginServiceTest.php" line="203" assertions="1" time="0.000871"/>
        <testcase name="testLoginDetectsAlreadyLoggedIn" class="unit\application\login\LoginServiceTest" classname="unit.application.login.LoginServiceTest" file="/Users/lukamaret/Documents/Developpement/web/Parraindex/tests/unit/application/login/LoginServiceTest.php" line="163" assertions="1" time="0.000700"/>
        <testcase name="testLoginSavesLoginInSessionOnSuccess" class="unit\application\login\LoginServiceTest" classname="unit.application.login.LoginServiceTest" file="/Users/lukamaret/Documents/Developpement/web/Parraindex/tests/unit/application/login/LoginServiceTest.php" line="69" assertions="1" time="0.200469"/>
        <testcase name="testLoginRedirectsToHomeOnSuccess" class="unit\application\login\LoginServiceTest" classname="unit.application.login.LoginServiceTest" file="/Users/lukamaret/Documents/Developpement/web/Parraindex/tests/unit/application/login/LoginServiceTest.php" line="128" assertions="1" time="0.200010"/>
        <testcase name="testLogoutRedirectsToHomeWhenUserIsNotLogged" class="unit\application\login\LoginServiceTest" classname="unit.application.login.LoginServiceTest" file="/Users/lukamaret/Documents/Developpement/web/Parraindex/tests/unit/application/login/LoginServiceTest.php" line="177" assertions="1" time="0.000739"/>
      </testsuite>
      <testsuite name="unit\application\contact\executor\RemoveSponsorContactExecutorTest" file="/Users/lukamaret/Documents/Developpement/web/Parraindex/tests/unit/application/contact/executor/RemoveSponsorContactExecutorTest.php" tests="3" assertions="3" errors="0" warnings="0" failures="0" skipped="0" time="0.006132">
        <testcase name="testExecutesuccessSavesClassicSponsorWhenTypeIs0" class="unit\application\contact\executor\RemoveSponsorContactExecutorTest" classname="unit.application.contact.executor.RemoveSponsorContactExecutorTest" file="/Users/lukamaret/Documents/Developpement/web/Parraindex/tests/unit/application/contact/executor/RemoveSponsorContactExecutorTest.php" line="74" assertions="1" time="0.003385"/>
        <testcase name="testExecutesuccessReturnsErrorWhenSponsorAlreadyExists" class="unit\application\contact\executor\RemoveSponsorContactExecutorTest" classname="unit.application.contact.executor.RemoveSponsorContactExecutorTest" file="/Users/lukamaret/Documents/Developpement/web/Parraindex/tests/unit/application/contact/executor/RemoveSponsorContactExecutorTest.php" line="63" assertions="1" time="0.000781"/>
        <testcase name="testExecuteReturnsErrorWhenSenderFirstnameIsMissing" class="unit\application\contact\executor\RemoveSponsorContactExecutorTest" classname="unit.application.contact.executor.RemoveSponsorContactExecutorTest" file="/Users/lukamaret/Documents/Developpement/web/Parraindex/tests/unit/application/contact/executor/RemoveSponsorContactExecutorTest.php" line="50" assertions="1" time="0.001966"/>
      </testsuite>
      <testsuite name="unit\application\contact\field\DateFieldTest" file="/Users/lukamaret/Documents/Developpement/web/Parraindex/tests/unit/application/contact/field/DateFieldTest.php" tests="5" assertions="5" errors="0" warnings="0" failures="0" skipped="0" time="0.001842">
        <testcase name="testIsvalidReturnsTrueWhenDateIsFirstJanuary2010" class="unit\application\contact\field\DateFieldTest" classname="unit.application.contact.field.DateFieldTest" file="/Users/lukamaret/Documents/Developpement/web/Parraindex/tests/unit/application/contact/field/DateFieldTest.php" line="28" assertions="1" time="0.000504"/>
        <testcase name="testIsvalidReturnsFalseWhenDateIsInvalid" class="unit\application\contact\field\DateFieldTest" classname="unit.application.contact.field.DateFieldTest" file="/Users/lukamaret/Documents/Developpement/web/Parraindex/tests/unit/application/contact/field/DateFieldTest.php" line="34" assertions="1" time="0.000322"/>
        <testcase name="testGetnameReturnsDate" class="unit\application\contact\field\DateFieldTest" classname="unit.application.contact.field.DateFieldTest" file="/Users/lukamaret/Documents/Developpement/web/Parraindex/tests/unit/application/contact/field/DateFieldTest.php" line="16" assertions="1" time="0.000320"/>
        <testcase name="testIsvalidReturnsFalseWhenDateIsIn2004" class="unit\application\contact\field\DateFieldTest" classname="unit.application.contact.field.DateFieldTest" file="/Users/lukamaret/Documents/Developpement/web/Parraindex/tests/unit/application/contact/field/DateFieldTest.php" line="40" assertions="1" time="0.000314"/>
        <testcase name="testIsvalidReturnsTrueWhenDateIsValid" class="unit\application\contact\field\DateFieldTest" classname="unit.application.contact.field.DateFieldTest" file="/Users/lukamaret/Documents/Developpement/web/Parraindex/tests/unit/application/contact/field/DateFieldTest.php" line="22" assertions="1" time="0.000382"/>
      </testsuite>
      <testsuite name="unit\application\contact\executor\OtherContactExecutorTest" file="/Users/lukamaret/Documents/Developpement/web/Parraindex/tests/unit/application/contact/executor/OtherContactExecutorTest.php" tests="2" assertions="2" errors="0" warnings="0" failures="0" skipped="0" time="0.001482">
        <testcase name="testExecuteSuccessSavesContactWithGiveValues" class="unit\application\contact\executor\OtherContactExecutorTest" classname="unit.application.contact.executor.OtherContactExecutorTest" file="/Users/lukamaret/Documents/Developpement/web/Parraindex/tests/unit/application/contact/executor/OtherContactExecutorTest.php" line="44" assertions="1" time="0.000946"/>
        <testcase name="testExecuteReturnsErrorWhenSenderFirstnameIsMissing" class="unit\application\contact\executor\OtherContactExecutorTest" classname="unit.application.contact.executor.OtherContactExecutorTest" file="/Users/lukamaret/Documents/Developpement/web/Parraindex/tests/unit/application/contact/executor/OtherContactExecutorTest.php" line="35" assertions="1" time="0.000536"/>
      </testsuite>
      <testsuite name="unit\application\login\SignupServiceTest" file="/Users/lukamaret/Documents/Developpement/web/Parraindex/tests/unit/application/login/SignupServiceTest.php" tests="21" assertions="21" errors="0" warnings="0" failures="0" skipped="0" time="0.021220">
        <testcase name="testValidateresetpasswordDeletesResetPasswordOnSuccess" class="unit\application\login\SignupServiceTest" classname="unit.application.login.SignupServiceTest" file="/Users/lukamaret/Documents/Developpement/web/Parraindex/tests/unit/application/login/SignupServiceTest.php" line="401" assertions="1" time="0.002105"/>
        <testcase name="testSignupDetectsEmailBelongingToSomeoneElse" class="unit\application\login\SignupServiceTest" classname="unit.application.login.SignupServiceTest" file="/Users/lukamaret/Documents/Developpement/web/Parraindex/tests/unit/application/login/SignupServiceTest.php" line="125" assertions="1" time="0.001397"/>
        <testcase name="testSignupDetectsInvalidEmail" class="unit\application\login\SignupServiceTest" classname="unit.application.login.SignupServiceTest" file="/Users/lukamaret/Documents/Developpement/web/Parraindex/tests/unit/application/login/SignupServiceTest.php" line="64" assertions="1" time="0.000651"/>
        <testcase name="testResetpasswordDetectsUnknownEmail" class="unit\application\login\SignupServiceTest" classname="unit.application.login.SignupServiceTest" file="/Users/lukamaret/Documents/Developpement/web/Parraindex/tests/unit/application/login/SignupServiceTest.php" line="283" assertions="1" time="0.000732"/>
        <testcase name="testValidateresetpasswordEditsAccountOnSuccess" class="unit\application\login\SignupServiceTest" classname="unit.application.login.SignupServiceTest" file="/Users/lukamaret/Documents/Developpement/web/Parraindex/tests/unit/application/login/SignupServiceTest.php" line="388" assertions="1" time="0.000831"/>
        <testcase name="testSignupDetectsMissingFields" class="unit\application\login\SignupServiceTest" classname="unit.application.login.SignupServiceTest" file="/Users/lukamaret/Documents/Developpement/web/Parraindex/tests/unit/application/login/SignupServiceTest.php" line="57" assertions="1" time="0.000610"/>
        <testcase name="testValidateDeletesTemporaryAccountOnSuccess" class="unit\application\login\SignupServiceTest" classname="unit.application.login.SignupServiceTest" file="/Users/lukamaret/Documents/Developpement/web/Parraindex/tests/unit/application/login/SignupServiceTest.php" line="270" assertions="1" time="0.000809"/>
        <testcase name="testSignupRedirectToConfirmationPageOnSuccess" class="unit\application\login\SignupServiceTest" classname="unit.application.login.SignupServiceTest" file="/Users/lukamaret/Documents/Developpement/web/Parraindex/tests/unit/application/login/SignupServiceTest.php" line="174" assertions="1" time="0.001217"/>
        <testcase name="testSignupSendsEmailOnSuccess" class="unit\application\login\SignupServiceTest" classname="unit.application.login.SignupServiceTest" file="/Users/lukamaret/Documents/Developpement/web/Parraindex/tests/unit/application/login/SignupServiceTest.php" line="219" assertions="1" time="0.001256"/>
        <testcase name="testSignupDetectsPasswordsMismatch" class="unit\application\login\SignupServiceTest" classname="unit.application.login.SignupServiceTest" file="/Users/lukamaret/Documents/Developpement/web/Parraindex/tests/unit/application/login/SignupServiceTest.php" line="74" assertions="1" time="0.000615"/>
        <testcase name="testSignupDetectsAlreadyExistingAccountWithName" class="unit\application\login\SignupServiceTest" classname="unit.application.login.SignupServiceTest" file="/Users/lukamaret/Documents/Developpement/web/Parraindex/tests/unit/application/login/SignupServiceTest.php" line="108" assertions="1" time="0.001099"/>
        <testcase name="testSignupCreatesTemporaryAccountOnSuccess" class="unit\application\login\SignupServiceTest" classname="unit.application.login.SignupServiceTest" file="/Users/lukamaret/Documents/Developpement/web/Parraindex/tests/unit/application/login/SignupServiceTest.php" line="199" assertions="1" time="0.001369"/>
        <testcase name="testResetpasswordCreatesResetpasswordRecordOnSuccess" class="unit\application\login\SignupServiceTest" classname="unit.application.login.SignupServiceTest" file="/Users/lukamaret/Documents/Developpement/web/Parraindex/tests/unit/application/login/SignupServiceTest.php" line="347" assertions="1" time="0.001395"/>
        <testcase name="testResetpasswordSendsEmailOnSuccess" class="unit\application\login\SignupServiceTest" classname="unit.application.login.SignupServiceTest" file="/Users/lukamaret/Documents/Developpement/web/Parraindex/tests/unit/application/login/SignupServiceTest.php" line="315" assertions="1" time="0.001261"/>
        <testcase name="testSignupDetectsEmailTooFarFromName" class="unit\application\login\SignupServiceTest" classname="unit.application.login.SignupServiceTest" file="/Users/lukamaret/Documents/Developpement/web/Parraindex/tests/unit/application/login/SignupServiceTest.php" line="152" assertions="1" time="0.001128"/>
        <testcase name="testValidateCreatesAccountOnSuccess" class="unit\application\login\SignupServiceTest" classname="unit.application.login.SignupServiceTest" file="/Users/lukamaret/Documents/Developpement/web/Parraindex/tests/unit/application/login/SignupServiceTest.php" line="257" assertions="1" time="0.000805"/>
        <testcase name="testValidateresetpasswordDetectsUnknownToken" class="unit\application\login\SignupServiceTest" classname="unit.application.login.SignupServiceTest" file="/Users/lukamaret/Documents/Developpement/web/Parraindex/tests/unit/application/login/SignupServiceTest.php" line="377" assertions="1" time="0.000718"/>
        <testcase name="testValidateDetectsUnknownToken" class="unit\application\login\SignupServiceTest" classname="unit.application.login.SignupServiceTest" file="/Users/lukamaret/Documents/Developpement/web/Parraindex/tests/unit/application/login/SignupServiceTest.php" line="246" assertions="1" time="0.000713"/>
        <testcase name="testResetpasswordRedirectsToConfirmationPageOnSuccess" class="unit\application\login\SignupServiceTest" classname="unit.application.login.SignupServiceTest" file="/Users/lukamaret/Documents/Developpement/web/Parraindex/tests/unit/application/login/SignupServiceTest.php" line="294" assertions="1" time="0.001014"/>
        <testcase name="testSignupDetectsAlreadyExistingAccountWithEmail" class="unit\application\login\SignupServiceTest" classname="unit.application.login.SignupServiceTest" file="/Users/lukamaret/Documents/Developpement/web/Parraindex/tests/unit/application/login/SignupServiceTest.php" line="94" assertions="1" time="0.000883"/>
        <testcase name="testSignupDetectsUnknownName" class="unit\application\login\SignupServiceTest" classname="unit.application.login.SignupServiceTest" file="/Users/lukamaret/Documents/Developpement/web/Parraindex/tests/unit/application/login/SignupServiceTest.php" line="87" assertions="1" time="0.000613"/>
      </testsuite>
      <testsuite name="unit\application\contact\executor\RemovePersonContactExecutorTest" file="/Users/lukamaret/Documents/Developpement/web/Parraindex/tests/unit/application/contact/executor/RemovePersonContactExecutorTest.php" tests="2" assertions="2" errors="0" warnings="0" failures="0" skipped="0" time="0.002243">
        <testcase name="testExecuteReturnsErrorWhenSenderFirstnameIsMissing" class="unit\application\contact\executor\RemovePersonContactExecutorTest" classname="unit.application.contact.executor.RemovePersonContactExecutorTest" file="/Users/lukamaret/Documents/Developpement/web/Parraindex/tests/unit/application/contact/executor/RemovePersonContactExecutorTest.php" line="41" assertions="1" time="0.001046"/>
        <testcase name="testExecuteSuccessSavesContactWithGiveValues" class="unit\application\contact\executor\RemovePersonContactExecutorTest" classname="unit.application.contact.executor.RemovePersonContactExecutorTest" file="/Users/lukamaret/Documents/Developpement/web/Parraindex/tests/unit/application/contact/executor/RemovePersonContactExecutorTest.php" line="54" assertions="1" time="0.001197"/>
      </testsuite>
      <testsuite name="unit\application\contact\executor\ContactExecutorsTest" file="/Users/lukamaret/Documents/Developpement/web/Parraindex/tests/unit/application/contact/executor/ContactExecutorsTest.php" tests="1" assertions="2" errors="0" warnings="0" failures="0" skipped="0" time="0.005045">
        <testcase name="testGetexecutorsbyidReturnsTheExecutorMatching" class="unit\application\contact\executor\ContactExecutorsTest" classname="unit.application.contact.executor.ContactExecutorsTest" file="/Users/lukamaret/Documents/Developpement/web/Parraindex/tests/unit/application/contact/executor/ContactExecutorsTest.php" line="56" assertions="2" time="0.005045"/>
      </testsuite>
      <testsuite name="unit\application\contact\executor\UpdatePersonContactExecutorTest" file="/Users/lukamaret/Documents/Developpement/web/Parraindex/tests/unit/application/contact/executor/UpdatePersonContactExecutorTest.php" tests="2" assertions="2" errors="0" warnings="0" failures="0" skipped="0" time="0.001976">
        <testcase name="testExecuteReturnsErrorWhenSenderFirstnameIsMissing" class="unit\application\contact\executor\UpdatePersonContactExecutorTest" classname="unit.application.contact.executor.UpdatePersonContactExecutorTest" file="/Users/lukamaret/Documents/Developpement/web/Parraindex/tests/unit/application/contact/executor/UpdatePersonContactExecutorTest.php" line="43" assertions="1" time="0.000913"/>
        <testcase name="testExecuteSuccessSavesContactWithGiveValues" class="unit\application\contact\executor\UpdatePersonContactExecutorTest" classname="unit.application.contact.executor.UpdatePersonContactExecutorTest" file="/Users/lukamaret/Documents/Developpement/web/Parraindex/tests/unit/application/contact/executor/UpdatePersonContactExecutorTest.php" line="56" assertions="1" time="0.001063"/>
      </testsuite>
      <testsuite name="unit\application\person\PersonServiceTest" file="/Users/lukamaret/Documents/Developpement/web/Parraindex/tests/unit/application/person/PersonServiceTest.php" tests="7" assertions="7" errors="0" warnings="0" failures="0" skipped="0" time="0.004092">
        <testcase name="testGetpersonbyidentityReturnsPerson" class="unit\application\person\PersonServiceTest" classname="unit.application.person.PersonServiceTest" file="/Users/lukamaret/Documents/Developpement/web/Parraindex/tests/unit/application/person/PersonServiceTest.php" line="79" assertions="1" time="0.000799"/>
        <testcase name="testGetPersonByIdRetrievesPerson" class="unit\application\person\PersonServiceTest" classname="unit.application.person.PersonServiceTest" file="/Users/lukamaret/Documents/Developpement/web/Parraindex/tests/unit/application/person/PersonServiceTest.php" line="40" assertions="1" time="0.000613"/>
        <testcase name="testUpdatepersonUpdatesDao" class="unit\application\person\PersonServiceTest" classname="unit.application.person.PersonServiceTest" file="/Users/lukamaret/Documents/Developpement/web/Parraindex/tests/unit/application/person/PersonServiceTest.php" line="64" assertions="1" time="0.000775"/>
        <testcase name="testRemoveepersonCallsPersonDAO" class="unit\application\person\PersonServiceTest" classname="unit.application.person.PersonServiceTest" file="/Users/lukamaret/Documents/Developpement/web/Parraindex/tests/unit/application/person/PersonServiceTest.php" line="99" assertions="1" time="0.000447"/>
        <testcase name="testGetallpeopleRetrievesPeopleList" class="unit\application\person\PersonServiceTest" classname="unit.application.person.PersonServiceTest" file="/Users/lukamaret/Documents/Developpement/web/Parraindex/tests/unit/application/person/PersonServiceTest.php" line="30" assertions="1" time="0.000466"/>
        <testcase name="testAddpersonCallsPersonDAO" class="unit\application\person\PersonServiceTest" classname="unit.application.person.PersonServiceTest" file="/Users/lukamaret/Documents/Developpement/web/Parraindex/tests/unit/application/person/PersonServiceTest.php" line="90" assertions="1" time="0.000474"/>
        <testcase name="testGetPersonByLoginRetrievesPerson" class="unit\application\person\PersonServiceTest" classname="unit.application.person.PersonServiceTest" file="/Users/lukamaret/Documents/Developpement/web/Parraindex/tests/unit/application/person/PersonServiceTest.php" line="52" assertions="1" time="0.000518"/>
      </testsuite>
      <testsuite name="unit\application\contact\executor\AddPersonContactExecutorTest" file="/Users/lukamaret/Documents/Developpement/web/Parraindex/tests/unit/application/contact/executor/AddPersonContactExecutorTest.php" tests="3" assertions="3" errors="0" warnings="0" failures="0" skipped="0" time="0.002921">
        <testcase name="testExecuteSuccessSavesContactWithGiveValues" class="unit\application\contact\executor\AddPersonContactExecutorTest" classname="unit.application.contact.executor.AddPersonContactExecutorTest" file="/Users/lukamaret/Documents/Developpement/web/Parraindex/tests/unit/application/contact/executor/AddPersonContactExecutorTest.php" line="65" assertions="1" time="0.001424"/>
        <testcase name="testExecuteReturnsErrorWhenSenderFirstnameIsMissing" class="unit\application\contact\executor\AddPersonContactExecutorTest" classname="unit.application.contact.executor.AddPersonContactExecutorTest" file="/Users/lukamaret/Documents/Developpement/web/Parraindex/tests/unit/application/contact/executor/AddPersonContactExecutorTest.php" line="45" assertions="1" time="0.000606"/>
        <testcase name="testExecuteSuccessReturnsErrorWhenPersonAlreadyExists" class="unit\application\contact\executor\AddPersonContactExecutorTest" classname="unit.application.contact.executor.AddPersonContactExecutorTest" file="/Users/lukamaret/Documents/Developpement/web/Parraindex/tests/unit/application/contact/executor/AddPersonContactExecutorTest.php" line="54" assertions="1" time="0.000891"/>
      </testsuite>
      <testsuite name="unit\application\contact\field\YearFieldTest" file="/Users/lukamaret/Documents/Developpement/web/Parraindex/tests/unit/application/contact/field/YearFieldTest.php" tests="5" assertions="5" errors="0" warnings="0" failures="0" skipped="0" time="0.001582">
        <testcase name="testIsvalidReturnTrueWhenYearIs2010" class="unit\application\contact\field\YearFieldTest" classname="unit.application.contact.field.YearFieldTest" file="/Users/lukamaret/Documents/Developpement/web/Parraindex/tests/unit/application/contact/field/YearFieldTest.php" line="22" assertions="1" time="0.000332"/>
        <testcase name="testIsvalidReturnFalseWhenYearIs2009" class="unit\application\contact\field\YearFieldTest" classname="unit.application.contact.field.YearFieldTest" file="/Users/lukamaret/Documents/Developpement/web/Parraindex/tests/unit/application/contact/field/YearFieldTest.php" line="34" assertions="1" time="0.000319"/>
        <testcase name="testIsvalidReturnTrueWhenYearIsCurrentYear" class="unit\application\contact\field\YearFieldTest" classname="unit.application.contact.field.YearFieldTest" file="/Users/lukamaret/Documents/Developpement/web/Parraindex/tests/unit/application/contact/field/YearFieldTest.php" line="28" assertions="1" time="0.000311"/>
        <testcase name="testGetnameReturnsYear" class="unit\application\contact\field\YearFieldTest" classname="unit.application.contact.field.YearFieldTest" file="/Users/lukamaret/Documents/Developpement/web/Parraindex/tests/unit/application/contact/field/YearFieldTest.php" line="16" assertions="1" time="0.000316"/>
        <testcase name="testIsvalidReturnFalseWhenYearIsNotNumeric" class="unit\application\contact\field\YearFieldTest" classname="unit.application.contact.field.YearFieldTest" file="/Users/lukamaret/Documents/Developpement/web/Parraindex/tests/unit/application/contact/field/YearFieldTest.php" line="40" assertions="1" time="0.000305"/>
      </testsuite>
      <testsuite name="unit\application\contact\executor\ContactExecutorTest" file="/Users/lukamaret/Documents/Developpement/web/Parraindex/tests/unit/application/contact/executor/ContactExecutorTest.php" tests="4" assertions="4" errors="0" warnings="0" failures="0" skipped="0" time="0.002194">
        <testcase name="testExecuteReturnsErrorWhenFieldsAreMissing" class="unit\application\contact\executor\ContactExecutorTest" classname="unit.application.contact.executor.ContactExecutorTest" file="/Users/lukamaret/Documents/Developpement/web/Parraindex/tests/unit/application/contact/executor/ContactExecutorTest.php" line="34" assertions="1" time="0.000545"/>
        <testcase name="testExecuteReturnsErrorWhenFieldIsInvalid" class="unit\application\contact\executor\ContactExecutorTest" classname="unit.application.contact.executor.ContactExecutorTest" file="/Users/lukamaret/Documents/Developpement/web/Parraindex/tests/unit/application/contact/executor/ContactExecutorTest.php" line="41" assertions="1" time="0.000578"/>
        <testcase name="testExecuteRedirectToHomeOnSuccess" class="unit\application\contact\executor\ContactExecutorTest" classname="unit.application.contact.executor.ContactExecutorTest" file="/Users/lukamaret/Documents/Developpement/web/Parraindex/tests/unit/application/contact/executor/ContactExecutorTest.php" line="53" assertions="1" time="0.000606"/>
        <testcase name="testGetidReturnsContactTypeId" class="unit\application\contact\executor\ContactExecutorTest" classname="unit.application.contact.executor.ContactExecutorTest" file="/Users/lukamaret/Documents/Developpement/web/Parraindex/tests/unit/application/contact/executor/ContactExecutorTest.php" line="30" assertions="1" time="0.000465"/>
      </testsuite>
      <testsuite name="unit\application\contact\executor\BugContactExecutorTest" file="/Users/lukamaret/Documents/Developpement/web/Parraindex/tests/unit/application/contact/executor/BugContactExecutorTest.php" tests="2" assertions="2" errors="0" warnings="0" failures="0" skipped="0" time="0.001268">
        <testcase name="testExecuteSuccessSavesContactWithGiveValues" class="unit\application\contact\executor\BugContactExecutorTest" classname="unit.application.contact.executor.BugContactExecutorTest" file="/Users/lukamaret/Documents/Developpement/web/Parraindex/tests/unit/application/contact/executor/BugContactExecutorTest.php" line="47" assertions="1" time="0.000765"/>
        <testcase name="testExecuteReturnsErrorWhenSenderFirstnameIsMissing" class="unit\application\contact\executor\BugContactExecutorTest" classname="unit.application.contact.executor.BugContactExecutorTest" file="/Users/lukamaret/Documents/Developpement/web/Parraindex/tests/unit/application/contact/executor/BugContactExecutorTest.php" line="38" assertions="1" time="0.000502"/>
      </testsuite>
      <testsuite name="unit\application\contact\field\EmailFieldTest" file="/Users/lukamaret/Documents/Developpement/web/Parraindex/tests/unit/application/contact/field/EmailFieldTest.php" tests="3" assertions="3" errors="0" warnings="0" failures="0" skipped="0" time="0.000948">
        <testcase name="testIsValidReturnsFalseWhenEmailIsInvalid" class="unit\application\contact\field\EmailFieldTest" classname="unit.application.contact.field.EmailFieldTest" file="/Users/lukamaret/Documents/Developpement/web/Parraindex/tests/unit/application/contact/field/EmailFieldTest.php" line="27" assertions="1" time="0.000335"/>
        <testcase name="testIsValidReturnsTrueWhenEmailIsValid" class="unit\application\contact\field\EmailFieldTest" classname="unit.application.contact.field.EmailFieldTest" file="/Users/lukamaret/Documents/Developpement/web/Parraindex/tests/unit/application/contact/field/EmailFieldTest.php" line="22" assertions="1" time="0.000317"/>
        <testcase name="testGetnameReturnsEmail" class="unit\application\contact\field\EmailFieldTest" classname="unit.application.contact.field.EmailFieldTest" file="/Users/lukamaret/Documents/Developpement/web/Parraindex/tests/unit/application/contact/field/EmailFieldTest.php" line="16" assertions="1" time="0.000296"/>
      </testsuite>
      <testsuite name="unit\application\contact\field\BoundedNumberFieldTest" file="/Users/lukamaret/Documents/Developpement/web/Parraindex/tests/unit/application/contact/field/BoundedNumberFieldTest.php" tests="6" assertions="6" errors="0" warnings="0" failures="0" skipped="0" time="0.002082">
        <testcase name="testIsValidReturnsTrueWhenValueIsBottomBound" class="unit\application\contact\field\BoundedNumberFieldTest" classname="unit.application.contact.field.BoundedNumberFieldTest" file="/Users/lukamaret/Documents/Developpement/web/Parraindex/tests/unit/application/contact/field/BoundedNumberFieldTest.php" line="28" assertions="1" time="0.000505"/>
        <testcase name="testIsValidReturnsTrueWhenValueIsTopBound" class="unit\application\contact\field\BoundedNumberFieldTest" classname="unit.application.contact.field.BoundedNumberFieldTest" file="/Users/lukamaret/Documents/Developpement/web/Parraindex/tests/unit/application/contact/field/BoundedNumberFieldTest.php" line="34" assertions="1" time="0.000317"/>
        <testcase name="testIsValidReturnsFalseWhenValueIsBelowBounds" class="unit\application\contact\field\BoundedNumberFieldTest" classname="unit.application.contact.field.BoundedNumberFieldTest" file="/Users/lukamaret/Documents/Developpement/web/Parraindex/tests/unit/application/contact/field/BoundedNumberFieldTest.php" line="40" assertions="1" time="0.000333"/>
        <testcase name="testIsValidReturnsFalseWhenValueIsAboveBounds" class="unit\application\contact\field\BoundedNumberFieldTest" classname="unit.application.contact.field.BoundedNumberFieldTest" file="/Users/lukamaret/Documents/Developpement/web/Parraindex/tests/unit/application/contact/field/BoundedNumberFieldTest.php" line="46" assertions="1" time="0.000319"/>
        <testcase name="testIsValidReturnsTrueWhenValueIsWithinBounds" class="unit\application\contact\field\BoundedNumberFieldTest" classname="unit.application.contact.field.BoundedNumberFieldTest" file="/Users/lukamaret/Documents/Developpement/web/Parraindex/tests/unit/application/contact/field/BoundedNumberFieldTest.php" line="22" assertions="1" time="0.000299"/>
        <testcase name="testGetnameReturnsBounded" class="unit\application\contact\field\BoundedNumberFieldTest" classname="unit.application.contact.field.BoundedNumberFieldTest" file="/Users/lukamaret/Documents/Developpement/web/Parraindex/tests/unit/application/contact/field/BoundedNumberFieldTest.php" line="16" assertions="1" time="0.000309"/>
      </testsuite>
      <testsuite name="unit\application\contact\executor\AddSponsorContactExecutorTest" file="/Users/lukamaret/Documents/Developpement/web/Parraindex/tests/unit/application/contact/executor/AddSponsorContactExecutorTest.php" tests="9" assertions="9" errors="0" warnings="0" failures="0" skipped="0" time="0.009203">
        <testcase name="testExecutesuccessSavesClassicSponsorWhenTypeIs0" class="unit\application\contact\executor\AddSponsorContactExecutorTest" classname="unit.application.contact.executor.AddSponsorContactExecutorTest" file="/Users/lukamaret/Documents/Developpement/web/Parraindex/tests/unit/application/contact/executor/AddSponsorContactExecutorTest.php" line="130" assertions="1" time="0.001508"/>
        <testcase name="testExecuteReturnsNothingWhenSponsorTypeIs1" class="unit\application\contact\executor\AddSponsorContactExecutorTest" classname="unit.application.contact.executor.AddSponsorContactExecutorTest" file="/Users/lukamaret/Documents/Developpement/web/Parraindex/tests/unit/application/contact/executor/AddSponsorContactExecutorTest.php" line="107" assertions="1" time="0.001230"/>
        <testcase name="testExecuteReturnsErrorWhenSponsorTypeIsMinus1" class="unit\application\contact\executor\AddSponsorContactExecutorTest" classname="unit.application.contact.executor.AddSponsorContactExecutorTest" file="/Users/lukamaret/Documents/Developpement/web/Parraindex/tests/unit/application/contact/executor/AddSponsorContactExecutorTest.php" line="83" assertions="1" time="0.000988"/>
        <testcase name="testExecuteReturnsErrorWhenGodchildDoesNotExist" class="unit\application\contact\executor\AddSponsorContactExecutorTest" classname="unit.application.contact.executor.AddSponsorContactExecutorTest" file="/Users/lukamaret/Documents/Developpement/web/Parraindex/tests/unit/application/contact/executor/AddSponsorContactExecutorTest.php" line="72" assertions="1" time="0.000888"/>
        <testcase name="testExecuteReturnsErrorWhenSenderFirstNameIsMissing" class="unit\application\contact\executor\AddSponsorContactExecutorTest" classname="unit.application.contact.executor.AddSponsorContactExecutorTest" file="/Users/lukamaret/Documents/Developpement/web/Parraindex/tests/unit/application/contact/executor/AddSponsorContactExecutorTest.php" line="49" assertions="1" time="0.000899"/>
        <testcase name="testExecutesuccessSavesHeartSponsorWhenTypeIs1" class="unit\application\contact\executor\AddSponsorContactExecutorTest" classname="unit.application.contact.executor.AddSponsorContactExecutorTest" file="/Users/lukamaret/Documents/Developpement/web/Parraindex/tests/unit/application/contact/executor/AddSponsorContactExecutorTest.php" line="157" assertions="1" time="0.001139"/>
        <testcase name="testExecuteReturnsErrorWhenSponsorTypeIs2" class="unit\application\contact\executor\AddSponsorContactExecutorTest" classname="unit.application.contact.executor.AddSponsorContactExecutorTest" file="/Users/lukamaret/Documents/Developpement/web/Parraindex/tests/unit/application/contact/executor/AddSponsorContactExecutorTest.php" line="95" assertions="1" time="0.000970"/>
        <testcase name="testExecuteReturnsErrorWhenGodfatherDoesNotExist" class="unit\application\contact\executor\AddSponsorContactExecutorTest" classname="unit.application.contact.executor.AddSponsorContactExecutorTest" file="/Users/lukamaret/Documents/Developpement/web/Parraindex/tests/unit/application/contact/executor/AddSponsorContactExecutorTest.php" line="61" assertions="1" time="0.000853"/>
        <testcase name="testExecutesuccessReturnsErrorWhenSponsorAlreadyExists" class="unit\application\contact\executor\AddSponsorContactExecutorTest" classname="unit.application.contact.executor.AddSponsorContactExecutorTest" file="/Users/lukamaret/Documents/Developpement/web/Parraindex/tests/unit/application/contact/executor/AddSponsorContactExecutorTest.php" line="119" assertions="1" time="0.000728"/>
      </testsuite>
      <testsuite name="unit\application\sponsor\SponsorServiceTest" file="/Users/lukamaret/Documents/Developpement/web/Parraindex/tests/unit/application/sponsor/SponsorServiceTest.php" tests="13" assertions="13" errors="0" warnings="0" failures="0" skipped="0" time="0.009702">
        <testcase name="testGetpersonfamilyRetrievesGodFathersAndGodSons" class="unit\application\sponsor\SponsorServiceTest" classname="unit.application.sponsor.SponsorServiceTest" file="/Users/lukamaret/Documents/Developpement/web/Parraindex/tests/unit/application/sponsor/SponsorServiceTest.php" line="33" assertions="1" time="0.000896"/>
        <testcase name="testUpdatesponsorRegistersClassicSponsor" class="unit\application\sponsor\SponsorServiceTest" classname="unit.application.sponsor.SponsorServiceTest" file="/Users/lukamaret/Documents/Developpement/web/Parraindex/tests/unit/application/sponsor/SponsorServiceTest.php" line="218" assertions="1" time="0.001118"/>
        <testcase name="testUpdatesponsorRegistersHeartSponsor" class="unit\application\sponsor\SponsorServiceTest" classname="unit.application.sponsor.SponsorServiceTest" file="/Users/lukamaret/Documents/Developpement/web/Parraindex/tests/unit/application/sponsor/SponsorServiceTest.php" line="239" assertions="1" time="0.001076"/>
        <testcase name="testGestsponsorReturnsSponsor" class="unit\application\sponsor\SponsorServiceTest" classname="unit.application.sponsor.SponsorServiceTest" file="/Users/lukamaret/Documents/Developpement/web/Parraindex/tests/unit/application/sponsor/SponsorServiceTest.php" line="105" assertions="1" time="0.000558"/>
        <testcase name="testCreatesponsorRegistersHeartSponsor" class="unit\application\sponsor\SponsorServiceTest" classname="unit.application.sponsor.SponsorServiceTest" file="/Users/lukamaret/Documents/Developpement/web/Parraindex/tests/unit/application/sponsor/SponsorServiceTest.php" line="161" assertions="1" time="0.000882"/>
        <testcase name="testUpdatesponsorDoesNothingWhenSponsorDoesNotExist" class="unit\application\sponsor\SponsorServiceTest" classname="unit.application.sponsor.SponsorServiceTest" file="/Users/lukamaret/Documents/Developpement/web/Parraindex/tests/unit/application/sponsor/SponsorServiceTest.php" line="187" assertions="1" time="0.000574"/>
        <testcase name="testGetsponsorbyidReturnsNullWhenSponsorDoesNotExist" class="unit\application\sponsor\SponsorServiceTest" classname="unit.application.sponsor.SponsorServiceTest" file="/Users/lukamaret/Documents/Developpement/web/Parraindex/tests/unit/application/sponsor/SponsorServiceTest.php" line="62" assertions="1" time="0.000650"/>
        <testcase name="testCreatesponsorRegistersClassicSponsor" class="unit\application\sponsor\SponsorServiceTest" classname="unit.application.sponsor.SponsorServiceTest" file="/Users/lukamaret/Documents/Developpement/web/Parraindex/tests/unit/application/sponsor/SponsorServiceTest.php" line="135" assertions="1" time="0.000911"/>
        <testcase name="testUpdatesponsorDoesNothingWhenTypeIsUnknown" class="unit\application\sponsor\SponsorServiceTest" classname="unit.application.sponsor.SponsorServiceTest" file="/Users/lukamaret/Documents/Developpement/web/Parraindex/tests/unit/application/sponsor/SponsorServiceTest.php" line="202" assertions="1" time="0.000583"/>
        <testcase name="testGetsponsorbyidReturnsSponsorWhenSponsorExists" class="unit\application\sponsor\SponsorServiceTest" classname="unit.application.sponsor.SponsorServiceTest" file="/Users/lukamaret/Documents/Developpement/web/Parraindex/tests/unit/application/sponsor/SponsorServiceTest.php" line="71" assertions="1" time="0.000804"/>
        <testcase name="testRemovesponsorCallsUpdateSponsorOnSponsorDAO" class="unit\application\sponsor\SponsorServiceTest" classname="unit.application.sponsor.SponsorServiceTest" file="/Users/lukamaret/Documents/Developpement/web/Parraindex/tests/unit/application/sponsor/SponsorServiceTest.php" line="96" assertions="1" time="0.000490"/>
        <testcase name="testCreatesponsorDoesNothingWhenSponsorAlreadyExists" class="unit\application\sponsor\SponsorServiceTest" classname="unit.application.sponsor.SponsorServiceTest" file="/Users/lukamaret/Documents/Developpement/web/Parraindex/tests/unit/application/sponsor/SponsorServiceTest.php" line="116" assertions="1" time="0.000671"/>
        <testcase name="testAddsponsorCallsAddSponsorOnSponsorDAO" class="unit\application\sponsor\SponsorServiceTest" classname="unit.application.sponsor.SponsorServiceTest" file="/Users/lukamaret/Documents/Developpement/web/Parraindex/tests/unit/application/sponsor/SponsorServiceTest.php" line="87" assertions="1" time="0.000489"/>
      </testsuite>
      <testsuite name="unit\application\contact\executor\ChockingContentContactExecutorTest" file="/Users/lukamaret/Documents/Developpement/web/Parraindex/tests/unit/application/contact/executor/ChockingContentContactExecutorTest.php" tests="2" assertions="2" errors="0" warnings="0" failures="0" skipped="0" time="0.001810">
        <testcase name="testExecuteSuccessSavesContactWithGiveValues" class="unit\application\contact\executor\ChockingContentContactExecutorTest" classname="unit.application.contact.executor.ChockingContentContactExecutorTest" file="/Users/lukamaret/Documents/Developpement/web/Parraindex/tests/unit/application/contact/executor/ChockingContentContactExecutorTest.php" line="55" assertions="1" time="0.001054"/>
        <testcase name="testExecuteReturnsErrorWhenSenderFirstnameIsMissing" class="unit\application\contact\executor\ChockingContentContactExecutorTest" classname="unit.application.contact.executor.ChockingContentContactExecutorTest" file="/Users/lukamaret/Documents/Developpement/web/Parraindex/tests/unit/application/contact/executor/ChockingContentContactExecutorTest.php" line="42" assertions="1" time="0.000755"/>
      </testsuite>
      <testsuite name="unit\application\contact\field\CustomFieldTest" file="/Users/lukamaret/Documents/Developpement/web/Parraindex/tests/unit/application/contact/field/CustomFieldTest.php" tests="3" assertions="3" errors="0" warnings="0" failures="0" skipped="0" time="0.000984">
        <testcase name="testIsvalidReturnsFalseWhenCustomTestReturnsFalse" class="unit\application\contact\field\CustomFieldTest" classname="unit.application.contact.field.CustomFieldTest" file="/Users/lukamaret/Documents/Developpement/web/Parraindex/tests/unit/application/contact/field/CustomFieldTest.php" line="28" assertions="1" time="0.000349"/>
        <testcase name="testGetnameReturnsCustom" class="unit\application\contact\field\CustomFieldTest" classname="unit.application.contact.field.CustomFieldTest" file="/Users/lukamaret/Documents/Developpement/web/Parraindex/tests/unit/application/contact/field/CustomFieldTest.php" line="12" assertions="1" time="0.000311"/>
        <testcase name="testIsvalidReturnsTrueWhenCustomTestReturnsTrue" class="unit\application\contact\field\CustomFieldTest" classname="unit.application.contact.field.CustomFieldTest" file="/Users/lukamaret/Documents/Developpement/web/Parraindex/tests/unit/application/contact/field/CustomFieldTest.php" line="20" assertions="1" time="0.000324"/>
      </testsuite>
      <testsuite name="unit\application\contact\executor\UpdateSponsorContactExecutorTest" file="/Users/lukamaret/Documents/Developpement/web/Parraindex/tests/unit/application/contact/executor/UpdateSponsorContactExecutorTest.php" tests="3" assertions="3" errors="0" warnings="0" failures="0" skipped="0" time="0.002497">
        <testcase name="testExecutesuccessSavesClassicSponsorWhenTypeIs0" class="unit\application\contact\executor\UpdateSponsorContactExecutorTest" classname="unit.application.contact.executor.UpdateSponsorContactExecutorTest" file="/Users/lukamaret/Documents/Developpement/web/Parraindex/tests/unit/application/contact/executor/UpdateSponsorContactExecutorTest.php" line="72" assertions="1" time="0.000981"/>
        <testcase name="testExecutesuccessReturnsErrorWhenSponsorAlreadyExists" class="unit\application\contact\executor\UpdateSponsorContactExecutorTest" classname="unit.application.contact.executor.UpdateSponsorContactExecutorTest" file="/Users/lukamaret/Documents/Developpement/web/Parraindex/tests/unit/application/contact/executor/UpdateSponsorContactExecutorTest.php" line="61" assertions="1" time="0.000654"/>
        <testcase name="testExecuteReturnsErrorWhenSenderFirstnameIsMissing" class="unit\application\contact\executor\UpdateSponsorContactExecutorTest" classname="unit.application.contact.executor.UpdateSponsorContactExecutorTest" file="/Users/lukamaret/Documents/Developpement/web/Parraindex/tests/unit/application/contact/executor/UpdateSponsorContactExecutorTest.php" line="48" assertions="1" time="0.000862"/>
      </testsuite>
    </testsuite>
  </testsuite>
</testsuites>
