<?xml version="1.0" encoding="UTF-8"?>
<testsuites>
  <testsuite name="" tests="121" assertions="122" errors="0" warnings="0" failures="0" skipped="0" time="0.804742">
    <testsuite name="Unit tests suit" tests="121" assertions="122" errors="0" warnings="0" failures="0" skipped="0" time="0.804742">
      <testsuite name="unit\application\contact\executor\AddSponsorContactExecutorTest" file="/Users/lukamaret/Documents/Developpement/web/Parraindex/tests/unit/application/contact/executor/AddSponsorContactExecutorTest.php" tests="9" assertions="9" errors="0" warnings="0" failures="0" skipped="0" time="0.029198">
        <testcase name="testExecuteReturnsErrorWhenGodfatherDoesNotExist" class="unit\application\contact\executor\AddSponsorContactExecutorTest" classname="unit.application.contact.executor.AddSponsorContactExecutorTest" file="/Users/lukamaret/Documents/Developpement/web/Parraindex/tests/unit/application/contact/executor/AddSponsorContactExecutorTest.php" line="61" assertions="1" time="0.014096"/>
        <testcase name="testExecutesuccessSavesHeartSponsorWhenTypeIs1" class="unit\application\contact\executor\AddSponsorContactExecutorTest" classname="unit.application.contact.executor.AddSponsorContactExecutorTest" file="/Users/lukamaret/Documents/Developpement/web/Parraindex/tests/unit/application/contact/executor/AddSponsorContactExecutorTest.php" line="157" assertions="1" time="0.002560"/>
        <testcase name="testExecuteReturnsErrorWhenSenderFirstNameIsMissing" class="unit\application\contact\executor\AddSponsorContactExecutorTest" classname="unit.application.contact.executor.AddSponsorContactExecutorTest" file="/Users/lukamaret/Documents/Developpement/web/Parraindex/tests/unit/application/contact/executor/AddSponsorContactExecutorTest.php" line="49" assertions="1" time="0.001251"/>
        <testcase name="testExecuteReturnsErrorWhenSponsorTypeIsMinus1" class="unit\application\contact\executor\AddSponsorContactExecutorTest" classname="unit.application.contact.executor.AddSponsorContactExecutorTest" file="/Users/lukamaret/Documents/Developpement/web/Parraindex/tests/unit/application/contact/executor/AddSponsorContactExecutorTest.php" line="83" assertions="1" time="0.001095"/>
        <testcase name="testExecuteReturnsErrorWhenSponsorTypeIs2" class="unit\application\contact\executor\AddSponsorContactExecutorTest" classname="unit.application.contact.executor.AddSponsorContactExecutorTest" file="/Users/lukamaret/Documents/Developpement/web/Parraindex/tests/unit/application/contact/executor/AddSponsorContactExecutorTest.php" line="95" assertions="1" time="0.002271"/>
        <testcase name="testExecutesuccessSavesClassicSponsorWhenTypeIs0" class="unit\application\contact\executor\AddSponsorContactExecutorTest" classname="unit.application.contact.executor.AddSponsorContactExecutorTest" file="/Users/lukamaret/Documents/Developpement/web/Parraindex/tests/unit/application/contact/executor/AddSponsorContactExecutorTest.php" line="130" assertions="1" time="0.001580"/>
        <testcase name="testExecuteReturnsErrorWhenGodchildDoesNotExist" class="unit\application\contact\executor\AddSponsorContactExecutorTest" classname="unit.application.contact.executor.AddSponsorContactExecutorTest" file="/Users/lukamaret/Documents/Developpement/web/Parraindex/tests/unit/application/contact/executor/AddSponsorContactExecutorTest.php" line="72" assertions="1" time="0.003261"/>
        <testcase name="testExecutesuccessReturnsErrorWhenSponsorAlreadyExists" class="unit\application\contact\executor\AddSponsorContactExecutorTest" classname="unit.application.contact.executor.AddSponsorContactExecutorTest" file="/Users/lukamaret/Documents/Developpement/web/Parraindex/tests/unit/application/contact/executor/AddSponsorContactExecutorTest.php" line="119" assertions="1" time="0.001913"/>
        <testcase name="testExecuteReturnsNothingWhenSponsorTypeIs1" class="unit\application\contact\executor\AddSponsorContactExecutorTest" classname="unit.application.contact.executor.AddSponsorContactExecutorTest" file="/Users/lukamaret/Documents/Developpement/web/Parraindex/tests/unit/application/contact/executor/AddSponsorContactExecutorTest.php" line="107" assertions="1" time="0.001172"/>
      </testsuite>
      <testsuite name="unit\application\contact\executor\OtherContactExecutorTest" file="/Users/lukamaret/Documents/Developpement/web/Parraindex/tests/unit/application/contact/executor/OtherContactExecutorTest.php" tests="2" assertions="2" errors="0" warnings="0" failures="0" skipped="0" time="0.002026">
        <testcase name="testExecuteSuccessSavesContactWithGiveValues" class="unit\application\contact\executor\OtherContactExecutorTest" classname="unit.application.contact.executor.OtherContactExecutorTest" file="/Users/lukamaret/Documents/Developpement/web/Parraindex/tests/unit/application/contact/executor/OtherContactExecutorTest.php" line="44" assertions="1" time="0.001331"/>
        <testcase name="testExecuteReturnsErrorWhenSenderFirstnameIsMissing" class="unit\application\contact\executor\OtherContactExecutorTest" classname="unit.application.contact.executor.OtherContactExecutorTest" file="/Users/lukamaret/Documents/Developpement/web/Parraindex/tests/unit/application/contact/executor/OtherContactExecutorTest.php" line="35" assertions="1" time="0.000695"/>
      </testsuite>
      <testsuite name="unit\application\contact\executor\UpdatePersonContactExecutorTest" file="/Users/lukamaret/Documents/Developpement/web/Parraindex/tests/unit/application/contact/executor/UpdatePersonContactExecutorTest.php" tests="2" assertions="2" errors="0" warnings="0" failures="0" skipped="0" time="0.003210">
        <testcase name="testExecuteReturnsErrorWhenSenderFirstnameIsMissing" class="unit\application\contact\executor\UpdatePersonContactExecutorTest" classname="unit.application.contact.executor.UpdatePersonContactExecutorTest" file="/Users/lukamaret/Documents/Developpement/web/Parraindex/tests/unit/application/contact/executor/UpdatePersonContactExecutorTest.php" line="43" assertions="1" time="0.001124"/>
        <testcase name="testExecuteSuccessSavesContactWithGiveValues" class="unit\application\contact\executor\UpdatePersonContactExecutorTest" classname="unit.application.contact.executor.UpdatePersonContactExecutorTest" file="/Users/lukamaret/Documents/Developpement/web/Parraindex/tests/unit/application/contact/executor/UpdatePersonContactExecutorTest.php" line="56" assertions="1" time="0.002086"/>
      </testsuite>
      <testsuite name="unit\application\contact\field\CustomFieldTest" file="/Users/lukamaret/Documents/Developpement/web/Parraindex/tests/unit/application/contact/field/CustomFieldTest.php" tests="3" assertions="3" errors="0" warnings="0" failures="0" skipped="0" time="0.001273">
        <testcase name="testIsvalidReturnsTrueWhenCustomTestReturnsTrue" class="unit\application\contact\field\CustomFieldTest" classname="unit.application.contact.field.CustomFieldTest" file="/Users/lukamaret/Documents/Developpement/web/Parraindex/tests/unit/application/contact/field/CustomFieldTest.php" line="20" assertions="1" time="0.000485"/>
        <testcase name="testIsvalidReturnsFalseWhenCustomTestReturnsFalse" class="unit\application\contact\field\CustomFieldTest" classname="unit.application.contact.field.CustomFieldTest" file="/Users/lukamaret/Documents/Developpement/web/Parraindex/tests/unit/application/contact/field/CustomFieldTest.php" line="28" assertions="1" time="0.000442"/>
        <testcase name="testGetnameReturnsCustom" class="unit\application\contact\field\CustomFieldTest" classname="unit.application.contact.field.CustomFieldTest" file="/Users/lukamaret/Documents/Developpement/web/Parraindex/tests/unit/application/contact/field/CustomFieldTest.php" line="12" assertions="1" time="0.000346"/>
      </testsuite>
      <testsuite name="unit\application\contact\ContactServiceTest" file="/Users/lukamaret/Documents/Developpement/web/Parraindex/tests/unit/application/contact/ContactServiceTest.php" tests="6" assertions="6" errors="0" warnings="0" failures="0" skipped="0" time="0.005782">
        <testcase name="testRegistercontactReturnsErrorWhenExecutorReturnsAnError" class="unit\application\contact\ContactServiceTest" classname="unit.application.contact.ContactServiceTest" file="/Users/lukamaret/Documents/Developpement/web/Parraindex/tests/unit/application/contact/ContactServiceTest.php" line="49" assertions="1" time="0.001633"/>
        <testcase name="testRegistercontactReturnsErrorWhenTypeIsNotValid" class="unit\application\contact\ContactServiceTest" classname="unit.application.contact.ContactServiceTest" file="/Users/lukamaret/Documents/Developpement/web/Parraindex/tests/unit/application/contact/ContactServiceTest.php" line="39" assertions="1" time="0.000721"/>
        <testcase name="testRegistercontactReturnsNothingWhenExecutorReturnsNothing" class="unit\application\contact\ContactServiceTest" classname="unit.application.contact.ContactServiceTest" file="/Users/lukamaret/Documents/Developpement/web/Parraindex/tests/unit/application/contact/ContactServiceTest.php" line="64" assertions="1" time="0.001010"/>
        <testcase name="testClosecontactCallsClosecontactOnDAO" class="unit\application\contact\ContactServiceTest" classname="unit.application.contact.ContactServiceTest" file="/Users/lukamaret/Documents/Developpement/web/Parraindex/tests/unit/application/contact/ContactServiceTest.php" line="79" assertions="1" time="0.000896"/>
        <testcase name="testGetcontactReturnsWantendContact" class="unit\application\contact\ContactServiceTest" classname="unit.application.contact.ContactServiceTest" file="/Users/lukamaret/Documents/Developpement/web/Parraindex/tests/unit/application/contact/ContactServiceTest.php" line="88" assertions="1" time="0.000842"/>
        <testcase name="testRegistercontactReturnsErrorWhenTypeIsMissing" class="unit\application\contact\ContactServiceTest" classname="unit.application.contact.ContactServiceTest" file="/Users/lukamaret/Documents/Developpement/web/Parraindex/tests/unit/application/contact/ContactServiceTest.php" line="29" assertions="1" time="0.000680"/>
      </testsuite>
      <testsuite name="unit\application\login\SignupServiceTest" file="/Users/lukamaret/Documents/Developpement/web/Parraindex/tests/unit/application/login/SignupServiceTest.php" tests="21" assertions="21" errors="0" warnings="0" failures="0" skipped="0" time="0.038390">
        <testcase name="testSignupCreatesTemporaryAccountOnSuccess" class="unit\application\login\SignupServiceTest" classname="unit.application.login.SignupServiceTest" file="/Users/lukamaret/Documents/Developpement/web/Parraindex/tests/unit/application/login/SignupServiceTest.php" line="199" assertions="1" time="0.005581"/>
        <testcase name="testValidateresetpasswordEditsAccountOnSuccess" class="unit\application\login\SignupServiceTest" classname="unit.application.login.SignupServiceTest" file="/Users/lukamaret/Documents/Developpement/web/Parraindex/tests/unit/application/login/SignupServiceTest.php" line="380" assertions="1" time="0.001423"/>
        <testcase name="testResetpasswordRedirectsToConfirmationPageOnSuccess" class="unit\application\login\SignupServiceTest" classname="unit.application.login.SignupServiceTest" file="/Users/lukamaret/Documents/Developpement/web/Parraindex/tests/unit/application/login/SignupServiceTest.php" line="290" assertions="1" time="0.002204"/>
        <testcase name="testValidateDetectsUnknownToken" class="unit\application\login\SignupServiceTest" classname="unit.application.login.SignupServiceTest" file="/Users/lukamaret/Documents/Developpement/web/Parraindex/tests/unit/application/login/SignupServiceTest.php" line="242" assertions="1" time="0.001166"/>
        <testcase name="testSignupRedirectToConfirmationPageOnSuccess" class="unit\application\login\SignupServiceTest" classname="unit.application.login.SignupServiceTest" file="/Users/lukamaret/Documents/Developpement/web/Parraindex/tests/unit/application/login/SignupServiceTest.php" line="174" assertions="1" time="0.002394"/>
        <testcase name="testSignupDetectsEmailBelongingToSomeoneElse" class="unit\application\login\SignupServiceTest" classname="unit.application.login.SignupServiceTest" file="/Users/lukamaret/Documents/Developpement/web/Parraindex/tests/unit/application/login/SignupServiceTest.php" line="125" assertions="1" time="0.001893"/>
        <testcase name="testSignupDetectsMissingFields" class="unit\application\login\SignupServiceTest" classname="unit.application.login.SignupServiceTest" file="/Users/lukamaret/Documents/Developpement/web/Parraindex/tests/unit/application/login/SignupServiceTest.php" line="57" assertions="1" time="0.001223"/>
        <testcase name="testValidateresetpasswordDetectsUnknownToken" class="unit\application\login\SignupServiceTest" classname="unit.application.login.SignupServiceTest" file="/Users/lukamaret/Documents/Developpement/web/Parraindex/tests/unit/application/login/SignupServiceTest.php" line="369" assertions="1" time="0.001503"/>
        <testcase name="testSignupDetectsAlreadyExistingAccountWithName" class="unit\application\login\SignupServiceTest" classname="unit.application.login.SignupServiceTest" file="/Users/lukamaret/Documents/Developpement/web/Parraindex/tests/unit/application/login/SignupServiceTest.php" line="108" assertions="1" time="0.001639"/>
        <testcase name="testSignupDetectsUnknownName" class="unit\application\login\SignupServiceTest" classname="unit.application.login.SignupServiceTest" file="/Users/lukamaret/Documents/Developpement/web/Parraindex/tests/unit/application/login/SignupServiceTest.php" line="87" assertions="1" time="0.000919"/>
        <testcase name="testSignupDetectsPasswordsMismatch" class="unit\application\login\SignupServiceTest" classname="unit.application.login.SignupServiceTest" file="/Users/lukamaret/Documents/Developpement/web/Parraindex/tests/unit/application/login/SignupServiceTest.php" line="74" assertions="1" time="0.000928"/>
        <testcase name="testValidateDeletesTemporaryAccountOnSuccess" class="unit\application\login\SignupServiceTest" classname="unit.application.login.SignupServiceTest" file="/Users/lukamaret/Documents/Developpement/web/Parraindex/tests/unit/application/login/SignupServiceTest.php" line="266" assertions="1" time="0.001250"/>
        <testcase name="testResetpasswordSendsEmailOnSuccess" class="unit\application\login\SignupServiceTest" classname="unit.application.login.SignupServiceTest" file="/Users/lukamaret/Documents/Developpement/web/Parraindex/tests/unit/application/login/SignupServiceTest.php" line="311" assertions="1" time="0.002165"/>
        <testcase name="testResetpasswordDetectsUnknownEmail" class="unit\application\login\SignupServiceTest" classname="unit.application.login.SignupServiceTest" file="/Users/lukamaret/Documents/Developpement/web/Parraindex/tests/unit/application/login/SignupServiceTest.php" line="279" assertions="1" time="0.001276"/>
        <testcase name="testSignupDetectsAlreadyExistingAccountWithEmail" class="unit\application\login\SignupServiceTest" classname="unit.application.login.SignupServiceTest" file="/Users/lukamaret/Documents/Developpement/web/Parraindex/tests/unit/application/login/SignupServiceTest.php" line="94" assertions="1" time="0.001856"/>
        <testcase name="testResetpasswordCreatesResetpasswordRecordOnSuccess" class="unit\application\login\SignupServiceTest" classname="unit.application.login.SignupServiceTest" file="/Users/lukamaret/Documents/Developpement/web/Parraindex/tests/unit/application/login/SignupServiceTest.php" line="339" assertions="1" time="0.002468"/>
        <testcase name="testValidateCreatesAccountOnSuccess" class="unit\application\login\SignupServiceTest" classname="unit.application.login.SignupServiceTest" file="/Users/lukamaret/Documents/Developpement/web/Parraindex/tests/unit/application/login/SignupServiceTest.php" line="253" assertions="1" time="0.001540"/>
        <testcase name="testSignupDetectsEmailTooFarFromName" class="unit\application\login\SignupServiceTest" classname="unit.application.login.SignupServiceTest" file="/Users/lukamaret/Documents/Developpement/web/Parraindex/tests/unit/application/login/SignupServiceTest.php" line="152" assertions="1" time="0.002008"/>
        <testcase name="testValidateresetpasswordDeletesResetPasswordOnSuccess" class="unit\application\login\SignupServiceTest" classname="unit.application.login.SignupServiceTest" file="/Users/lukamaret/Documents/Developpement/web/Parraindex/tests/unit/application/login/SignupServiceTest.php" line="393" assertions="1" time="0.001462"/>
        <testcase name="testSignupDetectsInvalidEmail" class="unit\application\login\SignupServiceTest" classname="unit.application.login.SignupServiceTest" file="/Users/lukamaret/Documents/Developpement/web/Parraindex/tests/unit/application/login/SignupServiceTest.php" line="64" assertions="1" time="0.001339"/>
        <testcase name="testSignupSendsEmailOnSuccess" class="unit\application\login\SignupServiceTest" classname="unit.application.login.SignupServiceTest" file="/Users/lukamaret/Documents/Developpement/web/Parraindex/tests/unit/application/login/SignupServiceTest.php" line="219" assertions="1" time="0.002153"/>
      </testsuite>
      <testsuite name="unit\application\contact\field\NumberFieldTest" file="/Users/lukamaret/Documents/Developpement/web/Parraindex/tests/unit/application/contact/field/NumberFieldTest.php" tests="4" assertions="4" errors="0" warnings="0" failures="0" skipped="0" time="0.002328">
        <testcase name="testIsvalidReturnsTrueWhenValueIsNumeric" class="unit\application\contact\field\NumberFieldTest" classname="unit.application.contact.field.NumberFieldTest" file="/Users/lukamaret/Documents/Developpement/web/Parraindex/tests/unit/application/contact/field/NumberFieldTest.php" line="22" assertions="1" time="0.000608"/>
        <testcase name="testGetnameReturnsNumber" class="unit\application\contact\field\NumberFieldTest" classname="unit.application.contact.field.NumberFieldTest" file="/Users/lukamaret/Documents/Developpement/web/Parraindex/tests/unit/application/contact/field/NumberFieldTest.php" line="16" assertions="1" time="0.000582"/>
        <testcase name="testIsvalidReturnsFalseWhenValueIsNotNumeric" class="unit\application\contact\field\NumberFieldTest" classname="unit.application.contact.field.NumberFieldTest" file="/Users/lukamaret/Documents/Developpement/web/Parraindex/tests/unit/application/contact/field/NumberFieldTest.php" line="28" assertions="1" time="0.000580"/>
        <testcase name="testIsvalidReturnsFalseWhenValueIsEmpty" class="unit\application\contact\field\NumberFieldTest" classname="unit.application.contact.field.NumberFieldTest" file="/Users/lukamaret/Documents/Developpement/web/Parraindex/tests/unit/application/contact/field/NumberFieldTest.php" line="34" assertions="1" time="0.000558"/>
      </testsuite>
      <testsuite name="unit\application\contact\executor\RemovePersonContactExecutorTest" file="/Users/lukamaret/Documents/Developpement/web/Parraindex/tests/unit/application/contact/executor/RemovePersonContactExecutorTest.php" tests="2" assertions="2" errors="0" warnings="0" failures="0" skipped="0" time="0.004510">
        <testcase name="testExecuteReturnsErrorWhenSenderFirstnameIsMissing" class="unit\application\contact\executor\RemovePersonContactExecutorTest" classname="unit.application.contact.executor.RemovePersonContactExecutorTest" file="/Users/lukamaret/Documents/Developpement/web/Parraindex/tests/unit/application/contact/executor/RemovePersonContactExecutorTest.php" line="41" assertions="1" time="0.002082"/>
        <testcase name="testExecuteSuccessSavesContactWithGiveValues" class="unit\application\contact\executor\RemovePersonContactExecutorTest" classname="unit.application.contact.executor.RemovePersonContactExecutorTest" file="/Users/lukamaret/Documents/Developpement/web/Parraindex/tests/unit/application/contact/executor/RemovePersonContactExecutorTest.php" line="54" assertions="1" time="0.002428"/>
      </testsuite>
      <testsuite name="unit\application\sponsor\SponsorServiceTest" file="/Users/lukamaret/Documents/Developpement/web/Parraindex/tests/unit/application/sponsor/SponsorServiceTest.php" tests="13" assertions="13" errors="0" warnings="0" failures="0" skipped="0" time="0.025392">
        <testcase name="testAddsponsorCallsAddSponsorOnSponsorDAO" class="unit\application\sponsor\SponsorServiceTest" classname="unit.application.sponsor.SponsorServiceTest" file="/Users/lukamaret/Documents/Developpement/web/Parraindex/tests/unit/application/sponsor/SponsorServiceTest.php" line="87" assertions="1" time="0.001529"/>
        <testcase name="testCreatesponsorDoesNothingWhenSponsorAlreadyExists" class="unit\application\sponsor\SponsorServiceTest" classname="unit.application.sponsor.SponsorServiceTest" file="/Users/lukamaret/Documents/Developpement/web/Parraindex/tests/unit/application/sponsor/SponsorServiceTest.php" line="116" assertions="1" time="0.001698"/>
        <testcase name="testUpdatesponsorRegistersClassicSponsor" class="unit\application\sponsor\SponsorServiceTest" classname="unit.application.sponsor.SponsorServiceTest" file="/Users/lukamaret/Documents/Developpement/web/Parraindex/tests/unit/application/sponsor/SponsorServiceTest.php" line="218" assertions="1" time="0.002352"/>
        <testcase name="testGetsponsorbyidReturnsNullWhenSponsorDoesNotExist" class="unit\application\sponsor\SponsorServiceTest" classname="unit.application.sponsor.SponsorServiceTest" file="/Users/lukamaret/Documents/Developpement/web/Parraindex/tests/unit/application/sponsor/SponsorServiceTest.php" line="62" assertions="1" time="0.001252"/>
        <testcase name="testCreatesponsorRegistersClassicSponsor" class="unit\application\sponsor\SponsorServiceTest" classname="unit.application.sponsor.SponsorServiceTest" file="/Users/lukamaret/Documents/Developpement/web/Parraindex/tests/unit/application/sponsor/SponsorServiceTest.php" line="135" assertions="1" time="0.001942"/>
        <testcase name="testCreatesponsorRegistersHeartSponsor" class="unit\application\sponsor\SponsorServiceTest" classname="unit.application.sponsor.SponsorServiceTest" file="/Users/lukamaret/Documents/Developpement/web/Parraindex/tests/unit/application/sponsor/SponsorServiceTest.php" line="161" assertions="1" time="0.003090"/>
        <testcase name="testGetpersonfamilyRetrievesGodFathersAndGodSons" class="unit\application\sponsor\SponsorServiceTest" classname="unit.application.sponsor.SponsorServiceTest" file="/Users/lukamaret/Documents/Developpement/web/Parraindex/tests/unit/application/sponsor/SponsorServiceTest.php" line="33" assertions="1" time="0.001809"/>
        <testcase name="testUpdatesponsorDoesNothingWhenTypeIsUnknown" class="unit\application\sponsor\SponsorServiceTest" classname="unit.application.sponsor.SponsorServiceTest" file="/Users/lukamaret/Documents/Developpement/web/Parraindex/tests/unit/application/sponsor/SponsorServiceTest.php" line="202" assertions="1" time="0.002032"/>
        <testcase name="testUpdatesponsorRegistersHeartSponsor" class="unit\application\sponsor\SponsorServiceTest" classname="unit.application.sponsor.SponsorServiceTest" file="/Users/lukamaret/Documents/Developpement/web/Parraindex/tests/unit/application/sponsor/SponsorServiceTest.php" line="239" assertions="1" time="0.002822"/>
        <testcase name="testUpdatesponsorDoesNothingWhenSponsorDoesNotExist" class="unit\application\sponsor\SponsorServiceTest" classname="unit.application.sponsor.SponsorServiceTest" file="/Users/lukamaret/Documents/Developpement/web/Parraindex/tests/unit/application/sponsor/SponsorServiceTest.php" line="187" assertions="1" time="0.001478"/>
        <testcase name="testGestsponsorReturnsSponsor" class="unit\application\sponsor\SponsorServiceTest" classname="unit.application.sponsor.SponsorServiceTest" file="/Users/lukamaret/Documents/Developpement/web/Parraindex/tests/unit/application/sponsor/SponsorServiceTest.php" line="105" assertions="1" time="0.001317"/>
        <testcase name="testRemovesponsorCallsUpdateSponsorOnSponsorDAO" class="unit\application\sponsor\SponsorServiceTest" classname="unit.application.sponsor.SponsorServiceTest" file="/Users/lukamaret/Documents/Developpement/web/Parraindex/tests/unit/application/sponsor/SponsorServiceTest.php" line="96" assertions="1" time="0.001986"/>
        <testcase name="testGetsponsorbyidReturnsSponsorWhenSponsorExists" class="unit\application\sponsor\SponsorServiceTest" classname="unit.application.sponsor.SponsorServiceTest" file="/Users/lukamaret/Documents/Developpement/web/Parraindex/tests/unit/application/sponsor/SponsorServiceTest.php" line="71" assertions="1" time="0.002086"/>
      </testsuite>
      <testsuite name="unit\application\contact\executor\BugContactExecutorTest" file="/Users/lukamaret/Documents/Developpement/web/Parraindex/tests/unit/application/contact/executor/BugContactExecutorTest.php" tests="2" assertions="2" errors="0" warnings="0" failures="0" skipped="0" time="0.003927">
        <testcase name="testExecuteReturnsErrorWhenSenderFirstnameIsMissing" class="unit\application\contact\executor\BugContactExecutorTest" classname="unit.application.contact.executor.BugContactExecutorTest" file="/Users/lukamaret/Documents/Developpement/web/Parraindex/tests/unit/application/contact/executor/BugContactExecutorTest.php" line="38" assertions="1" time="0.001871"/>
        <testcase name="testExecuteSuccessSavesContactWithGiveValues" class="unit\application\contact\executor\BugContactExecutorTest" classname="unit.application.contact.executor.BugContactExecutorTest" file="/Users/lukamaret/Documents/Developpement/web/Parraindex/tests/unit/application/contact/executor/BugContactExecutorTest.php" line="47" assertions="1" time="0.002056"/>
      </testsuite>
      <testsuite name="unit\application\contact\executor\ContactExecutorsTest" file="/Users/lukamaret/Documents/Developpement/web/Parraindex/tests/unit/application/contact/executor/ContactExecutorsTest.php" tests="1" assertions="2" errors="0" warnings="0" failures="0" skipped="0" time="0.014685">
        <testcase name="testGetexecutorsbyidReturnsTheExecutorMatching" class="unit\application\contact\executor\ContactExecutorsTest" classname="unit.application.contact.executor.ContactExecutorsTest" file="/Users/lukamaret/Documents/Developpement/web/Parraindex/tests/unit/application/contact/executor/ContactExecutorsTest.php" line="56" assertions="2" time="0.014685"/>
      </testsuite>
      <testsuite name="unit\application\contact\executor\UpdateSponsorContactExecutorTest" file="/Users/lukamaret/Documents/Developpement/web/Parraindex/tests/unit/application/contact/executor/UpdateSponsorContactExecutorTest.php" tests="3" assertions="3" errors="0" warnings="0" failures="0" skipped="0" time="0.006345">
        <testcase name="testExecutesuccessSavesClassicSponsorWhenTypeIs0" class="unit\application\contact\executor\UpdateSponsorContactExecutorTest" classname="unit.application.contact.executor.UpdateSponsorContactExecutorTest" file="/Users/lukamaret/Documents/Developpement/web/Parraindex/tests/unit/application/contact/executor/UpdateSponsorContactExecutorTest.php" line="72" assertions="1" time="0.002571"/>
        <testcase name="testExecutesuccessReturnsErrorWhenSponsorAlreadyExists" class="unit\application\contact\executor\UpdateSponsorContactExecutorTest" classname="unit.application.contact.executor.UpdateSponsorContactExecutorTest" file="/Users/lukamaret/Documents/Developpement/web/Parraindex/tests/unit/application/contact/executor/UpdateSponsorContactExecutorTest.php" line="61" assertions="1" time="0.001646"/>
        <testcase name="testExecuteReturnsErrorWhenSenderFirstnameIsMissing" class="unit\application\contact\executor\UpdateSponsorContactExecutorTest" classname="unit.application.contact.executor.UpdateSponsorContactExecutorTest" file="/Users/lukamaret/Documents/Developpement/web/Parraindex/tests/unit/application/contact/executor/UpdateSponsorContactExecutorTest.php" line="48" assertions="1" time="0.002128"/>
      </testsuite>
      <testsuite name="unit\application\contact\field\BoundedNumberFieldTest" file="/Users/lukamaret/Documents/Developpement/web/Parraindex/tests/unit/application/contact/field/BoundedNumberFieldTest.php" tests="6" assertions="6" errors="0" warnings="0" failures="0" skipped="0" time="0.003695">
        <testcase name="testIsValidReturnsTrueWhenValueIsWithinBounds" class="unit\application\contact\field\BoundedNumberFieldTest" classname="unit.application.contact.field.BoundedNumberFieldTest" file="/Users/lukamaret/Documents/Developpement/web/Parraindex/tests/unit/application/contact/field/BoundedNumberFieldTest.php" line="22" assertions="1" time="0.000695"/>
        <testcase name="testGetnameReturnsBounded" class="unit\application\contact\field\BoundedNumberFieldTest" classname="unit.application.contact.field.BoundedNumberFieldTest" file="/Users/lukamaret/Documents/Developpement/web/Parraindex/tests/unit/application/contact/field/BoundedNumberFieldTest.php" line="16" assertions="1" time="0.000618"/>
        <testcase name="testIsValidReturnsTrueWhenValueIsTopBound" class="unit\application\contact\field\BoundedNumberFieldTest" classname="unit.application.contact.field.BoundedNumberFieldTest" file="/Users/lukamaret/Documents/Developpement/web/Parraindex/tests/unit/application/contact/field/BoundedNumberFieldTest.php" line="34" assertions="1" time="0.000614"/>
        <testcase name="testIsValidReturnsFalseWhenValueIsBelowBounds" class="unit\application\contact\field\BoundedNumberFieldTest" classname="unit.application.contact.field.BoundedNumberFieldTest" file="/Users/lukamaret/Documents/Developpement/web/Parraindex/tests/unit/application/contact/field/BoundedNumberFieldTest.php" line="40" assertions="1" time="0.000562"/>
        <testcase name="testIsValidReturnsFalseWhenValueIsAboveBounds" class="unit\application\contact\field\BoundedNumberFieldTest" classname="unit.application.contact.field.BoundedNumberFieldTest" file="/Users/lukamaret/Documents/Developpement/web/Parraindex/tests/unit/application/contact/field/BoundedNumberFieldTest.php" line="46" assertions="1" time="0.000601"/>
        <testcase name="testIsValidReturnsTrueWhenValueIsBottomBound" class="unit\application\contact\field\BoundedNumberFieldTest" classname="unit.application.contact.field.BoundedNumberFieldTest" file="/Users/lukamaret/Documents/Developpement/web/Parraindex/tests/unit/application/contact/field/BoundedNumberFieldTest.php" line="28" assertions="1" time="0.000605"/>
      </testsuite>
      <testsuite name="unit\application\contact\field\YearFieldTest" file="/Users/lukamaret/Documents/Developpement/web/Parraindex/tests/unit/application/contact/field/YearFieldTest.php" tests="5" assertions="5" errors="0" warnings="0" failures="0" skipped="0" time="0.003354">
        <testcase name="testIsvalidReturnFalseWhenYearIs2009" class="unit\application\contact\field\YearFieldTest" classname="unit.application.contact.field.YearFieldTest" file="/Users/lukamaret/Documents/Developpement/web/Parraindex/tests/unit/application/contact/field/YearFieldTest.php" line="34" assertions="1" time="0.000889"/>
        <testcase name="testIsvalidReturnFalseWhenYearIsNotNumeric" class="unit\application\contact\field\YearFieldTest" classname="unit.application.contact.field.YearFieldTest" file="/Users/lukamaret/Documents/Developpement/web/Parraindex/tests/unit/application/contact/field/YearFieldTest.php" line="40" assertions="1" time="0.000686"/>
        <testcase name="testGetnameReturnsYear" class="unit\application\contact\field\YearFieldTest" classname="unit.application.contact.field.YearFieldTest" file="/Users/lukamaret/Documents/Developpement/web/Parraindex/tests/unit/application/contact/field/YearFieldTest.php" line="16" assertions="1" time="0.000604"/>
        <testcase name="testIsvalidReturnTrueWhenYearIsCurrentYear" class="unit\application\contact\field\YearFieldTest" classname="unit.application.contact.field.YearFieldTest" file="/Users/lukamaret/Documents/Developpement/web/Parraindex/tests/unit/application/contact/field/YearFieldTest.php" line="28" assertions="1" time="0.000587"/>
        <testcase name="testIsvalidReturnTrueWhenYearIs2010" class="unit\application\contact\field\YearFieldTest" classname="unit.application.contact.field.YearFieldTest" file="/Users/lukamaret/Documents/Developpement/web/Parraindex/tests/unit/application/contact/field/YearFieldTest.php" line="22" assertions="1" time="0.000589"/>
      </testsuite>
      <testsuite name="unit\application\contact\field\DateFieldTest" file="/Users/lukamaret/Documents/Developpement/web/Parraindex/tests/unit/application/contact/field/DateFieldTest.php" tests="5" assertions="5" errors="0" warnings="0" failures="0" skipped="0" time="0.002963">
        <testcase name="testIsvalidReturnsTrueWhenDateIsValid" class="unit\application\contact\field\DateFieldTest" classname="unit.application.contact.field.DateFieldTest" file="/Users/lukamaret/Documents/Developpement/web/Parraindex/tests/unit/application/contact/field/DateFieldTest.php" line="22" assertions="1" time="0.000620"/>
        <testcase name="testGetnameReturnsDate" class="unit\application\contact\field\DateFieldTest" classname="unit.application.contact.field.DateFieldTest" file="/Users/lukamaret/Documents/Developpement/web/Parraindex/tests/unit/application/contact/field/DateFieldTest.php" line="16" assertions="1" time="0.000556"/>
        <testcase name="testIsvalidReturnsFalseWhenDateIsInvalid" class="unit\application\contact\field\DateFieldTest" classname="unit.application.contact.field.DateFieldTest" file="/Users/lukamaret/Documents/Developpement/web/Parraindex/tests/unit/application/contact/field/DateFieldTest.php" line="34" assertions="1" time="0.000586"/>
        <testcase name="testIsvalidReturnsTrueWhenDateIsFirstJanuary2010" class="unit\application\contact\field\DateFieldTest" classname="unit.application.contact.field.DateFieldTest" file="/Users/lukamaret/Documents/Developpement/web/Parraindex/tests/unit/application/contact/field/DateFieldTest.php" line="28" assertions="1" time="0.000606"/>
        <testcase name="testIsvalidReturnsFalseWhenDateIsIn2004" class="unit\application\contact\field\DateFieldTest" classname="unit.application.contact.field.DateFieldTest" file="/Users/lukamaret/Documents/Developpement/web/Parraindex/tests/unit/application/contact/field/DateFieldTest.php" line="40" assertions="1" time="0.000595"/>
      </testsuite>
      <testsuite name="unit\application\contact\field\FieldTest" file="/Users/lukamaret/Documents/Developpement/web/Parraindex/tests/unit/application/contact/field/FieldTest.php" tests="5" assertions="5" errors="0" warnings="0" failures="0" skipped="0" time="0.002426">
        <testcase name="testGeterrorReturnsError" class="unit\application\contact\field\FieldTest" classname="unit.application.contact.field.FieldTest" file="/Users/lukamaret/Documents/Developpement/web/Parraindex/tests/unit/application/contact/field/FieldTest.php" line="22" assertions="1" time="0.000563"/>
        <testcase name="testIsValidReturnsTrueWhenValueIsNotEmpty" class="unit\application\contact\field\FieldTest" classname="unit.application.contact.field.FieldTest" file="/Users/lukamaret/Documents/Developpement/web/Parraindex/tests/unit/application/contact/field/FieldTest.php" line="28" assertions="1" time="0.000478"/>
        <testcase name="testIsValidReturnsFalseWhenValueIsEmpty" class="unit\application\contact\field\FieldTest" classname="unit.application.contact.field.FieldTest" file="/Users/lukamaret/Documents/Developpement/web/Parraindex/tests/unit/application/contact/field/FieldTest.php" line="34" assertions="1" time="0.000462"/>
        <testcase name="testIsValidReturnsFalseWhenValueIsWhitespace" class="unit\application\contact\field\FieldTest" classname="unit.application.contact.field.FieldTest" file="/Users/lukamaret/Documents/Developpement/web/Parraindex/tests/unit/application/contact/field/FieldTest.php" line="40" assertions="1" time="0.000476"/>
        <testcase name="testGetnameReturnsName" class="unit\application\contact\field\FieldTest" classname="unit.application.contact.field.FieldTest" file="/Users/lukamaret/Documents/Developpement/web/Parraindex/tests/unit/application/contact/field/FieldTest.php" line="16" assertions="1" time="0.000447"/>
      </testsuite>
      <testsuite name="unit\application\contact\executor\ChockingContentContactExecutorTest" file="/Users/lukamaret/Documents/Developpement/web/Parraindex/tests/unit/application/contact/executor/ChockingContentContactExecutorTest.php" tests="2" assertions="2" errors="0" warnings="0" failures="0" skipped="0" time="0.003110">
        <testcase name="testExecuteReturnsErrorWhenSenderFirstnameIsMissing" class="unit\application\contact\executor\ChockingContentContactExecutorTest" classname="unit.application.contact.executor.ChockingContentContactExecutorTest" file="/Users/lukamaret/Documents/Developpement/web/Parraindex/tests/unit/application/contact/executor/ChockingContentContactExecutorTest.php" line="42" assertions="1" time="0.001417"/>
        <testcase name="testExecuteSuccessSavesContactWithGiveValues" class="unit\application\contact\executor\ChockingContentContactExecutorTest" classname="unit.application.contact.executor.ChockingContentContactExecutorTest" file="/Users/lukamaret/Documents/Developpement/web/Parraindex/tests/unit/application/contact/executor/ChockingContentContactExecutorTest.php" line="55" assertions="1" time="0.001693"/>
      </testsuite>
      <testsuite name="unit\application\contact\executor\ContactExecutorTest" file="/Users/lukamaret/Documents/Developpement/web/Parraindex/tests/unit/application/contact/executor/ContactExecutorTest.php" tests="4" assertions="4" errors="0" warnings="0" failures="0" skipped="0" time="0.003426">
        <testcase name="testExecuteRedirectToHomeOnSuccess" class="unit\application\contact\executor\ContactExecutorTest" classname="unit.application.contact.executor.ContactExecutorTest" file="/Users/lukamaret/Documents/Developpement/web/Parraindex/tests/unit/application/contact/executor/ContactExecutorTest.php" line="53" assertions="1" time="0.000999"/>
        <testcase name="testGetidReturnsContactTypeId" class="unit\application\contact\executor\ContactExecutorTest" classname="unit.application.contact.executor.ContactExecutorTest" file="/Users/lukamaret/Documents/Developpement/web/Parraindex/tests/unit/application/contact/executor/ContactExecutorTest.php" line="30" assertions="1" time="0.000765"/>
        <testcase name="testExecuteReturnsErrorWhenFieldsAreMissing" class="unit\application\contact\executor\ContactExecutorTest" classname="unit.application.contact.executor.ContactExecutorTest" file="/Users/lukamaret/Documents/Developpement/web/Parraindex/tests/unit/application/contact/executor/ContactExecutorTest.php" line="34" assertions="1" time="0.000850"/>
        <testcase name="testExecuteReturnsErrorWhenFieldIsInvalid" class="unit\application\contact\executor\ContactExecutorTest" classname="unit.application.contact.executor.ContactExecutorTest" file="/Users/lukamaret/Documents/Developpement/web/Parraindex/tests/unit/application/contact/executor/ContactExecutorTest.php" line="41" assertions="1" time="0.000812"/>
      </testsuite>
      <testsuite name="unit\application\contact\executor\RemoveSponsorContactExecutorTest" file="/Users/lukamaret/Documents/Developpement/web/Parraindex/tests/unit/application/contact/executor/RemoveSponsorContactExecutorTest.php" tests="3" assertions="3" errors="0" warnings="0" failures="0" skipped="0" time="0.003829">
        <testcase name="testExecuteReturnsErrorWhenSenderFirstnameIsMissing" class="unit\application\contact\executor\RemoveSponsorContactExecutorTest" classname="unit.application.contact.executor.RemoveSponsorContactExecutorTest" file="/Users/lukamaret/Documents/Developpement/web/Parraindex/tests/unit/application/contact/executor/RemoveSponsorContactExecutorTest.php" line="50" assertions="1" time="0.001404"/>
        <testcase name="testExecutesuccessSavesClassicSponsorWhenTypeIs0" class="unit\application\contact\executor\RemoveSponsorContactExecutorTest" classname="unit.application.contact.executor.RemoveSponsorContactExecutorTest" file="/Users/lukamaret/Documents/Developpement/web/Parraindex/tests/unit/application/contact/executor/RemoveSponsorContactExecutorTest.php" line="74" assertions="1" time="0.001428"/>
        <testcase name="testExecutesuccessReturnsErrorWhenSponsorAlreadyExists" class="unit\application\contact\executor\RemoveSponsorContactExecutorTest" classname="unit.application.contact.executor.RemoveSponsorContactExecutorTest" file="/Users/lukamaret/Documents/Developpement/web/Parraindex/tests/unit/application/contact/executor/RemoveSponsorContactExecutorTest.php" line="63" assertions="1" time="0.000998"/>
      </testsuite>
      <testsuite name="unit\application\contact\field\EmailFieldTest" file="/Users/lukamaret/Documents/Developpement/web/Parraindex/tests/unit/application/contact/field/EmailFieldTest.php" tests="3" assertions="3" errors="0" warnings="0" failures="0" skipped="0" time="0.001527">
        <testcase name="testIsValidReturnsFalseWhenEmailIsInvalid" class="unit\application\contact\field\EmailFieldTest" classname="unit.application.contact.field.EmailFieldTest" file="/Users/lukamaret/Documents/Developpement/web/Parraindex/tests/unit/application/contact/field/EmailFieldTest.php" line="27" assertions="1" time="0.000558"/>
        <testcase name="testIsValidReturnsTrueWhenEmailIsValid" class="unit\application\contact\field\EmailFieldTest" classname="unit.application.contact.field.EmailFieldTest" file="/Users/lukamaret/Documents/Developpement/web/Parraindex/tests/unit/application/contact/field/EmailFieldTest.php" line="22" assertions="1" time="0.000489"/>
        <testcase name="testGetnameReturnsEmail" class="unit\application\contact\field\EmailFieldTest" classname="unit.application.contact.field.EmailFieldTest" file="/Users/lukamaret/Documents/Developpement/web/Parraindex/tests/unit/application/contact/field/EmailFieldTest.php" line="16" assertions="1" time="0.000480"/>
      </testsuite>
      <testsuite name="unit\application\contact\executor\AddPersonContactExecutorTest" file="/Users/lukamaret/Documents/Developpement/web/Parraindex/tests/unit/application/contact/executor/AddPersonContactExecutorTest.php" tests="3" assertions="3" errors="0" warnings="0" failures="0" skipped="0" time="0.003713">
        <testcase name="testExecuteSuccessReturnsErrorWhenPersonAlreadyExists" class="unit\application\contact\executor\AddPersonContactExecutorTest" classname="unit.application.contact.executor.AddPersonContactExecutorTest" file="/Users/lukamaret/Documents/Developpement/web/Parraindex/tests/unit/application/contact/executor/AddPersonContactExecutorTest.php" line="54" assertions="1" time="0.001242"/>
        <testcase name="testExecuteReturnsErrorWhenSenderFirstnameIsMissing" class="unit\application\contact\executor\AddPersonContactExecutorTest" classname="unit.application.contact.executor.AddPersonContactExecutorTest" file="/Users/lukamaret/Documents/Developpement/web/Parraindex/tests/unit/application/contact/executor/AddPersonContactExecutorTest.php" line="45" assertions="1" time="0.000755"/>
        <testcase name="testExecuteSuccessSavesContactWithGiveValues" class="unit\application\contact\executor\AddPersonContactExecutorTest" classname="unit.application.contact.executor.AddPersonContactExecutorTest" file="/Users/lukamaret/Documents/Developpement/web/Parraindex/tests/unit/application/contact/executor/AddPersonContactExecutorTest.php" line="65" assertions="1" time="0.001716"/>
      </testsuite>
      <testsuite name="unit\application\login\LoginServiceTest" file="/Users/lukamaret/Documents/Developpement/web/Parraindex/tests/unit/application/login/LoginServiceTest.php" tests="10" assertions="10" errors="0" warnings="0" failures="0" skipped="0" time="0.635015">
        <testcase name="testLogoutRedirectsToConfirmationWhenUserIsLogged" class="unit\application\login\LoginServiceTest" classname="unit.application.login.LoginServiceTest" file="/Users/lukamaret/Documents/Developpement/web/Parraindex/tests/unit/application/login/LoginServiceTest.php" line="190" assertions="1" time="0.002511"/>
        <testcase name="testLoginReturnsNothingOnSuccess" class="unit\application\login\LoginServiceTest" classname="unit.application.login.LoginServiceTest" file="/Users/lukamaret/Documents/Developpement/web/Parraindex/tests/unit/application/login/LoginServiceTest.php" line="106" assertions="1" time="0.227082"/>
        <testcase name="testLogoutRedirectsToHomeWhenUserIsNotLogged" class="unit\application\login\LoginServiceTest" classname="unit.application.login.LoginServiceTest" file="/Users/lukamaret/Documents/Developpement/web/Parraindex/tests/unit/application/login/LoginServiceTest.php" line="177" assertions="1" time="0.000754"/>
        <testcase name="testLoginDetectsInvalidLogin" class="unit\application\login\LoginServiceTest" classname="unit.application.login.LoginServiceTest" file="/Users/lukamaret/Documents/Developpement/web/Parraindex/tests/unit/application/login/LoginServiceTest.php" line="55" assertions="1" time="0.000863"/>
        <testcase name="testLoginRedirectToSignupIfNeeded" class="unit\application\login\LoginServiceTest" classname="unit.application.login.LoginServiceTest" file="/Users/lukamaret/Documents/Developpement/web/Parraindex/tests/unit/application/login/LoginServiceTest.php" line="152" assertions="1" time="0.000591"/>
        <testcase name="testLoginDetectsAlreadyLoggedIn" class="unit\application\login\LoginServiceTest" classname="unit.application.login.LoginServiceTest" file="/Users/lukamaret/Documents/Developpement/web/Parraindex/tests/unit/application/login/LoginServiceTest.php" line="163" assertions="1" time="0.001346"/>
        <testcase name="testLoginSavesLoginInSessionOnSuccess" class="unit\application\login\LoginServiceTest" classname="unit.application.login.LoginServiceTest" file="/Users/lukamaret/Documents/Developpement/web/Parraindex/tests/unit/application/login/LoginServiceTest.php" line="69" assertions="1" time="0.199551"/>
        <testcase name="testLogoutDestroysSessionsWhenUserIsLogged" class="unit\application\login\LoginServiceTest" classname="unit.application.login.LoginServiceTest" file="/Users/lukamaret/Documents/Developpement/web/Parraindex/tests/unit/application/login/LoginServiceTest.php" line="203" assertions="1" time="0.000715"/>
        <testcase name="testLoginRedirectsToHomeOnSuccess" class="unit\application\login\LoginServiceTest" classname="unit.application.login.LoginServiceTest" file="/Users/lukamaret/Documents/Developpement/web/Parraindex/tests/unit/application/login/LoginServiceTest.php" line="128" assertions="1" time="0.200917"/>
        <testcase name="testLoginDetectsMissingFields" class="unit\application\login\LoginServiceTest" classname="unit.application.login.LoginServiceTest" file="/Users/lukamaret/Documents/Developpement/web/Parraindex/tests/unit/application/login/LoginServiceTest.php" line="48" assertions="1" time="0.000685"/>
      </testsuite>
      <testsuite name="unit\application\person\PersonServiceTest" file="/Users/lukamaret/Documents/Developpement/web/Parraindex/tests/unit/application/person/PersonServiceTest.php" tests="7" assertions="7" errors="0" warnings="0" failures="0" skipped="0" time="0.004618">
        <testcase name="testGetPersonByIdRetrievesPerson" class="unit\application\person\PersonServiceTest" classname="unit.application.person.PersonServiceTest" file="/Users/lukamaret/Documents/Developpement/web/Parraindex/tests/unit/application/person/PersonServiceTest.php" line="40" assertions="1" time="0.000800"/>
        <testcase name="testAddpersonCallsPersonDAO" class="unit\application\person\PersonServiceTest" classname="unit.application.person.PersonServiceTest" file="/Users/lukamaret/Documents/Developpement/web/Parraindex/tests/unit/application/person/PersonServiceTest.php" line="90" assertions="1" time="0.000738"/>
        <testcase name="testGetPersonByLoginRetrievesPerson" class="unit\application\person\PersonServiceTest" classname="unit.application.person.PersonServiceTest" file="/Users/lukamaret/Documents/Developpement/web/Parraindex/tests/unit/application/person/PersonServiceTest.php" line="52" assertions="1" time="0.000627"/>
        <testcase name="testUpdatepersonUpdatesDao" class="unit\application\person\PersonServiceTest" classname="unit.application.person.PersonServiceTest" file="/Users/lukamaret/Documents/Developpement/web/Parraindex/tests/unit/application/person/PersonServiceTest.php" line="64" assertions="1" time="0.000838"/>
        <testcase name="testGetallpeopleRetrievesPeopleList" class="unit\application\person\PersonServiceTest" classname="unit.application.person.PersonServiceTest" file="/Users/lukamaret/Documents/Developpement/web/Parraindex/tests/unit/application/person/PersonServiceTest.php" line="30" assertions="1" time="0.000525"/>
        <testcase name="testGetpersonbyidentityReturnsPerson" class="unit\application\person\PersonServiceTest" classname="unit.application.person.PersonServiceTest" file="/Users/lukamaret/Documents/Developpement/web/Parraindex/tests/unit/application/person/PersonServiceTest.php" line="79" assertions="1" time="0.000627"/>
        <testcase name="testRemoveepersonCallsPersonDAO" class="unit\application\person\PersonServiceTest" classname="unit.application.person.PersonServiceTest" file="/Users/lukamaret/Documents/Developpement/web/Parraindex/tests/unit/application/person/PersonServiceTest.php" line="99" assertions="1" time="0.000463"/>
      </testsuite>
    </testsuite>
  </testsuite>
</testsuites>
